<?xml version="1.0" encoding="utf-8"?><testsuites name="pytest tests"><testsuite name="pytest" errors="0" failures="3" skipped="0" tests="193" time="6.908" timestamp="2026-03-28T12:49:06.003125+05:30" hostname="Vikas-Lenovo"><testcase classname="tests.test_agents.TestRetentionAgent" name="test_analyse_empty" time="0.003" /><testcase classname="tests.test_agents.TestRetentionAgent" name="test_canonical_preference" time="0.003" /><testcase classname="tests.test_agents.TestRetentionAgent" name="test_filename_copy_penalisation" time="0.002" /><testcase classname="tests.test_agents.TestRetentionAgent" name="test_timestamp_preference" time="0.002" /><testcase classname="tests.test_agents.TestRetentionAgent" name="test_fallback_missing_files" time="0.001" /><testcase classname="tests.test_agents.TestReasoningEngine" name="test_process_groups" time="0.001" /><testcase classname="tests.test_agents.TestReasoningEngine" name="test_summary_stats" time="0.001" /><testcase classname="tests.test_agents.TestReasoningEngine" name="test_export_log" time="0.002" /><testcase classname="tests.test_cli" name="test_cli_help" time="0.003" /><testcase classname="tests.test_cli" name="test_cli_scan_invalid_dir" time="0.005" /><testcase classname="tests.test_cli" name="test_cli_stats_mock" time="0.005" /><testcase classname="tests.test_cli" name="test_cli_agent_mock" time="0.002" /><testcase classname="tests.test_cli_extended" name="test_cli_scan_with_output_success" time="0.014" /><testcase classname="tests.test_cli_extended" name="test_cli_scan_db_error_still_completes" time="0.008" /><testcase classname="tests.test_cli_extended" name="test_cli_agent_with_groups" time="0.006" /><testcase classname="tests.test_cli_extended" name="test_cli_agent_db_error" time="0.002" /><testcase classname="tests.test_database_impact" name="test_repository_get_lifetime_stats_empty" time="0.072" /><testcase classname="tests.test_database_impact" name="test_repository_update_group_agent_decision" time="0.031"><failure message="sqlalchemy.exc.InvalidRequestError: Instance '&lt;DuplicateGroup at 0x186f8c542f0&gt;' is not persistent within this Session">tests\test_database_impact.py:35: in test_repository_update_group_agent_decision
    sess.refresh(g)
.venv\Lib\site-packages\sqlalchemy\orm\session.py:3133: in refresh
    self._expire_state(state, attribute_names)
.venv\Lib\site-packages\sqlalchemy\orm\session.py:3259: in _expire_state
    self._validate_persistent(state)
.venv\Lib\site-packages\sqlalchemy\orm\session.py:4117: in _validate_persistent
    raise sa_exc.InvalidRequestError(
E   sqlalchemy.exc.InvalidRequestError: Instance '&lt;DuplicateGroup at 0x186f8c542f0&gt;' is not persistent within this Session</failure></testcase><testcase classname="tests.test_database_impact" name="test_repository_list_sessions_paging" time="0.029"><failure message="assert 0 == 5&#10; +  where 0 = len([])">tests\test_database_impact.py:48: in test_repository_list_sessions_paging
    assert len(results) == 5
E   assert 0 == 5
E    +  where 0 = len([])</failure></testcase><testcase classname="tests.test_database_impact" name="test_repository_log_action_error" time="0.024" /><testcase classname="tests.test_dialogs.TestFmtGb" name="test_zero" time="0.001" /><testcase classname="tests.test_dialogs.TestFmtGb" name="test_one_gb" time="0.001" /><testcase classname="tests.test_dialogs.TestFmtGb" name="test_half_gb" time="0.000" /><testcase classname="tests.test_dialogs.TestFmtGb" name="test_large" time="0.001" /><testcase classname="tests.test_dialogs.TestStatsDialogData" name="test_all_stats_keys_present" time="0.001" /><testcase classname="tests.test_dialogs.TestStatsDialogData" name="test_empty_stats_uses_defaults" time="0.001" /><testcase classname="tests.test_dialogs.TestLoadSessionDialogOnAccept" name="test_on_accept_valid_row" time="0.005" /><testcase classname="tests.test_dialogs.TestLoadSessionDialogOnAccept" name="test_on_accept_no_row_selected" time="0.004" /><testcase classname="tests.test_dialogs.TestLoadSessionDialogOnAccept" name="test_on_accept_second_session" time="0.005" /><testcase classname="tests.test_dialogs.TestLoadSessionDialogOnAccept" name="test_sessions_list_stored" time="0.001" /><testcase classname="tests.test_dialogs_impact" name="test_stats_dialog_full_init" time="0.028" /><testcase classname="tests.test_dialogs_impact" name="test_stats_dialog_empty_stats" time="0.001" /><testcase classname="tests.test_dialogs_impact" name="test_load_session_dialog_full_init" time="0.002" /><testcase classname="tests.test_dialogs_impact" name="test_load_session_dialog_selection" time="0.002" /><testcase classname="tests.test_engine.TestScanner" name="test_scanner_traversal" time="0.004" /><testcase classname="tests.test_engine.TestScanner" name="test_scanner_exclusion" time="0.002" /><testcase classname="tests.test_engine.TestScanner" name="test_scanner_is_excluded" time="0.001" /><testcase classname="tests.test_engine.TestScanner" name="test_scanner_rust_fallback" time="0.001" /><testcase classname="tests.test_engine.TestScanner" name="test_scanner_cancel" time="0.004" /><testcase classname="tests.test_engine.TestScanner" name="test_file_info_props" time="0.001" /><testcase classname="tests.test_engine.TestHasher" name="test_hasher_basic" time="0.001" /><testcase classname="tests.test_engine.TestHasher" name="test_hasher_unsupported_algo" time="0.001" /><testcase classname="tests.test_engine.TestHasher" name="test_hasher_error_handling" time="0.002" /><testcase classname="tests.test_engine.TestHasher" name="test_hasher_md5" time="0.002" /><testcase classname="tests.test_engine.TestHasher" name="test_hasher_cancel" time="0.001" /><testcase classname="tests.test_engine.TestDeduplicator" name="test_deduplicator_simple" time="0.001" /><testcase classname="tests.test_engine.TestDeduplicator" name="test_deduplicator_fuzzy" time="0.001" /><testcase classname="tests.test_engine.TestDeduplicator" name="test_deduplicator_cancel" time="0.001" /><testcase classname="tests.test_engine_extended.TestDeduplicatorExtended" name="test_pass3_semantic_success" time="0.003" /><testcase classname="tests.test_engine_extended.TestDeduplicatorExtended" name="test_pass3_semantic_import_error" time="0.001" /><testcase classname="tests.test_engine_extended.TestDeduplicatorExtended" name="test_embed_batch_worker_image" time="0.001" /><testcase classname="tests.test_engine_extended.TestDeduplicatorExtended" name="test_embed_batch_worker_error" time="0.001" /><testcase classname="tests.test_engine_extended.TestHasherExtended" name="test_hasher_partial_cancellation" time="0.003" /><testcase classname="tests.test_engine_extended.TestScannerExtended" name="test_scanner_python_os_error" time="0.001" /><testcase classname="tests.test_engine_extended.TestScannerExtended" name="test_scanner_is_excluded_branches" time="0.001" /><testcase classname="tests.test_main_window" name="test_file_categories_structure" time="0.001" /><testcase classname="tests.test_main_window.TestRenderAgentPanel" name="test_high_confidence" time="0.006" /><testcase classname="tests.test_main_window.TestRenderAgentPanel" name="test_medium_confidence" time="0.008" /><testcase classname="tests.test_main_window.TestRenderAgentPanel" name="test_low_confidence" time="0.004" /><testcase classname="tests.test_main_window.TestRenderAgentPanel" name="test_empty_decisions" time="0.004" /><testcase classname="tests.test_main_window.TestRenderAgentPanel" name="test_many_decisions_capped_at_50" time="0.020" /><testcase classname="tests.test_main_window.TestUpdateSelectionMetrics" name="test_nonzero_selection" time="0.004" /><testcase classname="tests.test_main_window.TestUpdateSelectionMetrics" name="test_zero_selection_disables_button" time="0.004" /><testcase classname="tests.test_main_window.TestUpdateSelectionMetrics" name="test_large_size_formatting" time="0.004" /><testcase classname="tests.test_main_window.TestOnScanningState" name="test_scanning_true" time="0.007" /><testcase classname="tests.test_main_window.TestOnScanningState" name="test_scanning_false" time="0.005" /><testcase classname="tests.test_main_window.TestOnProgress" name="test_with_total" time="0.005" /><testcase classname="tests.test_main_window.TestOnProgress" name="test_zero_total_indeterminate" time="0.004" /><testcase classname="tests.test_main_window.TestUpdateStatusStats" name="test_normal_stats" time="0.005" /><testcase classname="tests.test_main_window.TestUpdateStatusStats" name="test_db_error_does_not_raise" time="0.004" /><testcase classname="tests.test_main_window.TestUpdateStatusStats" name="test_missing_label_attr_skips" time="0.006" /><testcase classname="tests.test_main_window.TestOnScanFinished" name="test_saves_to_db_and_loads_model" time="0.008" /><testcase classname="tests.test_main_window.TestOnScanFinished" name="test_agent_disabled_skips_reasoning" time="0.006" /><testcase classname="tests.test_main_window.TestOnScanFinished" name="test_db_failure_still_loads_model" time="0.006" /><testcase classname="tests.test_main_window.TestStartScan" name="test_invalid_folder_shows_warning" time="0.005" /><testcase classname="tests.test_main_window.TestStartScan" name="test_no_extensions_shows_warning" time="0.007" /><testcase classname="tests.test_main_window.TestStartScan" name="test_valid_folder_starts_scan" time="0.008" /><testcase classname="tests.test_main_window" name="test_apply_search_filter_is_noop" time="0.004" /><testcase classname="tests.test_main_window" name="test_apply_profile_is_noop" time="0.004" /><testcase classname="tests.test_main_window.TestPersistCurrentSessionState" name="test_no_session_id_returns_early" time="0.004" /><testcase classname="tests.test_main_window.TestPersistCurrentSessionState" name="test_with_session_id_calls_repo" time="0.007" /><testcase classname="tests.test_main_window" name="test_drop_event_sets_folder" time="0.005" /><testcase classname="tests.test_main_window" name="test_drop_event_ignores_non_dir" time="0.005" /><testcase classname="tests.test_main_window" name="test_drop_event_empty_urls" time="0.004" /><testcase classname="tests.test_main_window" name="test_drag_enter_accepts_urls" time="0.005" /><testcase classname="tests.test_main_window" name="test_drag_enter_ignores_non_urls" time="0.004" /><testcase classname="tests.test_main_window" name="test_show_run_summary_no_result" time="0.006" /><testcase classname="tests.test_main_window" name="test_export_agent_log_no_engine" time="0.005" /><testcase classname="tests.test_main_window" name="test_load_latest_session_db_error" time="0.004" /><testcase classname="tests.test_main_window" name="test_show_stats_db_error" time="0.004" /><testcase classname="tests.test_main_window" name="test_on_scan_error_shows_critical" time="0.004" /><testcase classname="tests.test_main_window" name="test_export_csv_writes_file" time="0.006" /><testcase classname="tests.test_main_window" name="test_export_csv_cancelled_returns" time="0.006" /><testcase classname="tests.test_main_window" name="test_toggle_panel_visible_to_hidden" time="0.004" /><testcase classname="tests.test_main_window" name="test_toggle_panel_hidden_to_visible" time="0.004" /><testcase classname="tests.test_main_window" name="test_toggle_panel_no_widget" time="0.004" /><testcase classname="tests.test_main_window" name="test_delete_checked_nothing_checked" time="0.004" /><testcase classname="tests.test_main_window" name="test_delete_checked_user_cancels" time="0.005" /><testcase classname="tests.test_main_window" name="test_restore_session_from_db_missing_session" time="0.006" /><testcase classname="tests.test_main_window_extended" name="test_restore_session_from_db_valid" time="0.006" /><testcase classname="tests.test_main_window_extended" name="test_restore_session_from_db_with_user_state_json" time="0.007" /><testcase classname="tests.test_main_window_extended.TestOnTableSelection" name="test_invalid_index" time="0.004" /><testcase classname="tests.test_main_window_extended.TestOnTableSelection" name="test_group_header_row" time="0.005" /><testcase classname="tests.test_main_window_extended.TestOnTableSelection" name="test_deleted_file_shows_deleted_message" time="0.040" /><testcase classname="tests.test_main_window_extended.TestOnTableSelection" name="test_existing_text_file" time="0.005" /><testcase classname="tests.test_main_window_extended.TestOnTableSelection" name="test_row_out_of_range" time="0.004" /><testcase classname="tests.test_main_window_extended" name="test_action_with_shortcut" time="0.005" /><testcase classname="tests.test_main_window_extended" name="test_action_without_shortcut" time="0.004" /><testcase classname="tests.test_main_window_extended" name="test_restore_settings_persisted_folder" time="0.008" /><testcase classname="tests.test_main_window_extended" name="test_restore_settings_no_folder" time="0.005" /><testcase classname="tests.test_main_window_extended" name="test_restore_settings_nonexistent_folder" time="0.005" /><testcase classname="tests.test_main_window_extended" name="test_restore_geometry_with_data" time="0.004" /><testcase classname="tests.test_main_window_extended" name="test_restore_geometry_empty" time="0.004" /><testcase classname="tests.test_main_window_extended" name="test_close_event_saves_all_settings" time="0.005" /><testcase classname="tests.test_main_window_extended" name="test_show_changelog_missing_file" time="0.006" /><testcase classname="tests.test_main_window_extended" name="test_show_features_missing_file" time="0.004" /><testcase classname="tests.test_main_window_extended" name="test_export_agent_log_with_engine" time="0.004" /><testcase classname="tests.test_main_window_extended" name="test_export_agent_log_cancelled" time="0.004" /><testcase classname="tests.test_main_window_extended" name="test_load_latest_session_with_session" time="0.005" /><testcase classname="tests.test_main_window_extended" name="test_load_latest_session_no_session" time="0.004" /><testcase classname="tests.test_main_window_extended" name="test_show_stats_success" time="0.006" /><testcase classname="tests.test_main_window_extended" name="test_show_stats_error" time="0.004" /><testcase classname="tests.test_main_window_extended" name="test_delete_checked_permanent_delete_success" time="0.007" /><testcase classname="tests.test_main_window_extended" name="test_delete_checked_missing_file_marks_deleted" time="0.006" /><testcase classname="tests.test_main_window_extended" name="test_persist_session_state_with_deleted_rows" time="0.005" /><testcase classname="tests.test_main_window_extended" name="test_persist_session_state_db_error" time="0.006" /><testcase classname="tests.test_main_window_extended" name="test_show_run_summary_with_result" time="0.009" /><testcase classname="tests.test_main_window_impact" name="test_main_window_init" time="0.073" /><testcase classname="tests.test_main_window_impact" name="test_on_scan_finished_integration" time="0.063" /><testcase classname="tests.test_main_window_impact" name="test_delete_checked_integration" time="0.043" /><testcase classname="tests.test_main_window_impact" name="test_on_progress_update" time="0.036" /><testcase classname="tests.test_main_window_impact" name="test_scanner_extension_filtering_coverage" time="0.001" /><testcase classname="tests.test_main_window_impact" name="test_scanner_python_fallback_branches" time="0.006" /><testcase classname="tests.test_main_window_impact" name="test_table_interaction_preview" time="0.031" /><testcase classname="tests.test_main_window_impact" name="test_on_table_context_menu" time="0.035" /><testcase classname="tests.test_main_window_impact" name="test_toggle_panel" time="0.029"><failure message="assert False != False&#10; +  where False = &lt;built-in method isVisible of QWidget object at 0x00000186FC563930&gt;()&#10; +    where &lt;built-in method isVisible of QWidget object at 0x00000186FC563930&gt; = &lt;PyQt6.QtWidgets.QWidget object at 0x00000186FC563930&gt;.isVisible">tests\test_main_window_impact.py:166: in test_toggle_panel
    assert w.isVisible() != visible_before
E   assert False != False
E    +  where False = &lt;built-in method isVisible of QWidget object at 0x00000186FC563930&gt;()
E    +    where &lt;built-in method isVisible of QWidget object at 0x00000186FC563930&gt; = &lt;PyQt6.QtWidgets.QWidget object at 0x00000186FC563930&gt;.isVisible</failure></testcase><testcase classname="tests.test_ml.TestVectorIndex" name="test_vector_index_init_errors" time="0.013" /><testcase classname="tests.test_ml.TestVectorIndex" name="test_cosine_similarity" time="0.001" /><testcase classname="tests.test_ml.TestVectorIndex" name="test_find_similar_pairs" time="0.001" /><testcase classname="tests.test_ml.TestVectorIndex" name="test_clustering" time="0.001" /><testcase classname="tests.test_ml.TestVectorIndex" name="test_query" time="0.001" /><testcase classname="tests.test_ml.TestEmbedders" name="test_image_embedder_mock" time="0.004" /><testcase classname="tests.test_ml.TestEmbedders" name="test_text_embedder_mock" time="0.638" /><testcase classname="tests.test_models.TestScanSession" name="test_create_session" time="0.007" /><testcase classname="tests.test_models.TestScanSession" name="test_complete_session" time="0.009" /><testcase classname="tests.test_models.TestScanSession" name="test_fail_session" time="0.007" /><testcase classname="tests.test_models.TestScanSession" name="test_list_sessions_only_completed" time="0.008" /><testcase classname="tests.test_models.TestScanSession" name="test_cancel_session" time="0.007" /><testcase classname="tests.test_models.TestScanSession" name="test_get_sessions_in_range" time="0.009" /><testcase classname="tests.test_models.TestScanSession" name="test_get_latest_session_empty" time="0.005" /><testcase classname="tests.test_models.TestScanSession" name="test_update_session_state" time="0.007" /><testcase classname="tests.test_models.TestScanSession" name="test_fail_non_existent_session" time="0.005" /><testcase classname="tests.test_models.TestScanSession" name="test_complete_non_existent_session" time="0.005" /><testcase classname="tests.test_models.TestScanSession" name="test_cancel_non_existent_session" time="0.005" /><testcase classname="tests.test_models.TestScanSession" name="test_list_sessions_limit" time="0.018" /><testcase classname="tests.test_models.TestScanSession" name="test_started_at_human" time="0.006" /><testcase classname="tests.test_models.TestDuplicateGroup" name="test_create_group" time="0.008" /><testcase classname="tests.test_models.TestDuplicateGroup" name="test_get_groups_for_session" time="0.009" /><testcase classname="tests.test_models.TestDuplicateGroup" name="test_update_agent_decision" time="0.009" /><testcase classname="tests.test_models.TestFileMetadata" name="test_add_and_bulk_add" time="0.010" /><testcase classname="tests.test_models.TestFileMetadata" name="test_update_file_hash" time="0.009" /><testcase classname="tests.test_models.TestFileMetadata" name="test_update_non_existent_file_hash" time="0.005" /><testcase classname="tests.test_models.TestFileAction" name="test_log_action" time="0.005" /><testcase classname="tests.test_models.TestLifetimeStats" name="test_empty_stats" time="0.007" /><testcase classname="tests.test_models.TestLifetimeStats" name="test_stats_after_completion" time="0.012" /><testcase classname="tests.test_models.TestLifetimeStats" name="test_get_space_saved_in_range" time="0.007" /><testcase classname="tests.test_models.TestLifetimeStats" name="test_stats_with_no_completed_runs" time="0.012" /><testcase classname="tests.test_models.TestEngineBasics" name="test_file_info_properties" time="0.001" /><testcase classname="tests.test_models.TestEngineBasics" name="test_system_exclusions" time="0.001" /><testcase classname="tests.test_models.TestEngineBasics" name="test_deduplicator_simple_match" time="0.001" /><testcase classname="tests.test_models.TestEngineBasics" name="test_deduplicator_cancel" time="0.001" /><testcase classname="tests.test_models.TestEngineBasics" name="test_deduplicator_fuzzy_match" time="0.001" /><testcase classname="tests.test_ui_utils" name="test_theme_manager_init" time="0.001" /><testcase classname="tests.test_ui_utils" name="test_theme_manager_apply" time="0.001" /><testcase classname="tests.test_ui_utils" name="test_theme_manager_cycle" time="0.001" /><testcase classname="tests.test_viewmodels" name="test_scan_viewmodel_initial_state" time="0.001" /><testcase classname="tests.test_viewmodels" name="test_scan_viewmodel_start_cancel" time="0.002" /><testcase classname="tests.test_viewmodels" name="test_scan_viewmodel_pause" time="0.001" /><testcase classname="tests.test_viewmodels" name="test_on_finished_reset" time="0.001" /><testcase classname="tests.test_viewmodels.TestDuplicateTableModel" name="test_model_reset" time="0.001" /><testcase classname="tests.test_viewmodels.TestDuplicateTableModel" name="test_load_result" time="0.001" /><testcase classname="tests.test_viewmodels.TestDuplicateTableModel" name="test_checkbox_logic" time="0.001" /><testcase classname="tests.test_viewmodels.TestDuplicateTableModel" name="test_mark_deleted" time="0.001" /><testcase classname="tests.test_viewmodels.TestDuplicateTableModel" name="test_get_checked_items" time="0.001" /><testcase classname="tests.test_viewmodels.TestDuplicateTableModel" name="test_flags" time="0.001" /><testcase classname="tests.test_viewmodels.TestDuplicateTableModel" name="test_set_data_checkbox" time="0.001" /><testcase classname="tests.test_viewmodels_extended.TestDuplicateTableModelExtended" name="test_load_result_with_decisions" time="0.001" /><testcase classname="tests.test_viewmodels_extended.TestDuplicateTableModelExtended" name="test_set_data_group_header" time="0.001" /><testcase classname="tests.test_viewmodels_extended.TestDuplicateTableModelExtended" name="test_set_data_valid" time="0.001" /><testcase classname="tests.test_viewmodels_extended.TestDuplicateTableModelExtended" name="test_mark_group_deleted" time="0.001" /><testcase classname="tests.test_viewmodels_extended.TestDuplicateTableModelExtended" name="test_data_roles" time="0.001" /><testcase classname="tests.test_viewmodels_extended.TestDuplicateTableModelExtended" name="test_flags_deleted" time="0.001" /><testcase classname="tests.test_viewmodels_extended.TestDuplicateTableModelExtended" name="test_header_data" time="0.001" /></testsuite></testsuites>