{"meta": {"format": 3, "version": "7.13.5", "timestamp": "2026-03-28T11:19:38.939116", "branch_coverage": true, "show_contexts": false}, "files": {"app\\__init__.py": {"executed_lines": [], "summary": {"covered_lines": 0, "num_statements": 0, "percent_covered": 100.0, "percent_covered_display": "100", "missing_lines": 0, "excluded_lines": 0, "percent_statements_covered": 100.0, "percent_statements_covered_display": "100", "num_branches": 0, "num_partial_branches": 0, "covered_branches": 0, "missing_branches": 0, "percent_branches_covered": 100.0, "percent_branches_covered_display": "100"}, "missing_lines": [], "excluded_lines": [], "executed_branches": [], "missing_branches": [], "functions": {"": {"executed_lines": [], "summary": {"covered_lines": 0, "num_statements": 0, "percent_covered": 100.0, "percent_covered_display": "100", "missing_lines": 0, "excluded_lines": 0, "percent_statements_covered": 100.0, "percent_statements_covered_display": "100", "num_branches": 0, "num_partial_branches": 0, "covered_branches": 0, "missing_branches": 0, "percent_branches_covered": 100.0, "percent_branches_covered_display": "100"}, "missing_lines": [], "excluded_lines": [], "start_line": 1, "executed_branches": [], "missing_branches": []}}, "classes": {"": {"executed_lines": [], "summary": {"covered_lines": 0, "num_statements": 0, "percent_covered": 100.0, "percent_covered_display": "100", "missing_lines": 0, "excluded_lines": 0, "percent_statements_covered": 100.0, "percent_statements_covered_display": "100", "num_branches": 0, "num_partial_branches": 0, "covered_branches": 0, "missing_branches": 0, "percent_branches_covered": 100.0, "percent_branches_covered_display": "100"}, "missing_lines": [], "excluded_lines": [], "start_line": 1, "executed_branches": [], "missing_branches": []}}}, "app\\agents\\__init__.py": {"executed_lines": [], "summary": {"covered_lines": 0, "num_statements": 0, "percent_covered": 100.0, "percent_covered_display": "100", "missing_lines": 0, "excluded_lines": 0, "percent_statements_covered": 100.0, "percent_statements_covered_display": "100", "num_branches": 0, "num_partial_branches": 0, "covered_branches": 0, "missing_branches": 0, "percent_branches_covered": 100.0, "percent_branches_covered_display": "100"}, "missing_lines": [], "excluded_lines": [], "executed_branches": [], "missing_branches": [], "functions": {"": {"executed_lines": [], "summary": {"covered_lines": 0, "num_statements": 0, "percent_covered": 100.0, "percent_covered_display": "100", "missing_lines": 0, "excluded_lines": 0, "percent_statements_covered": 100.0, "percent_statements_covered_display": "100", "num_branches": 0, "num_partial_branches": 0, "covered_branches": 0, "missing_branches": 0, "percent_branches_covered": 100.0, "percent_branches_covered_display": "100"}, "missing_lines": [], "excluded_lines": [], "start_line": 1, "executed_branches": [], "missing_branches": []}}, "classes": {"": {"executed_lines": [], "summary": {"covered_lines": 0, "num_statements": 0, "percent_covered": 100.0, "percent_covered_display": "100", "missing_lines": 0, "excluded_lines": 0, "percent_statements_covered": 100.0, "percent_statements_covered_display": "100", "num_branches": 0, "num_partial_branches": 0, "covered_branches": 0, "missing_branches": 0, "percent_branches_covered": 100.0, "percent_branches_covered_display": "100"}, "missing_lines": [], "excluded_lines": [], "start_line": 1, "executed_branches": [], "missing_branches": []}}}, "app\\agents\\reasoning_engine.py": {"executed_lines": [10, 12, 13, 14, 15, 17, 18, 20, 23, 33, 34, 35, 37, 45, 46, 47, 48, 50, 51, 52, 55, 57, 58, 60, 64, 65, 67, 69, 73, 74, 75, 79, 81, 82, 83, 84, 85], "summary": {"covered_lines": 37, "num_statements": 44, "percent_covered": 82.6923076923077, "percent_covered_display": "83", "missing_lines": 7, "excluded_lines": 0, "percent_statements_covered": 84.0909090909091, "percent_statements_covered_display": "84", "num_branches": 8, "num_partial_branches": 2, "covered_branches": 6, "missing_branches": 2, "percent_branches_covered": 75.0, "percent_branches_covered_display": "75"}, "missing_lines": [49, 53, 54, 56, 62, 76, 77], "excluded_lines": [], "executed_branches": [[47, 48], [47, 57], [48, 50], [55, 47], [82, 83], [82, 84]], "missing_branches": [[48, 49], [55, 56]], "functions": {"ReasoningEngine.__init__": {"executed_lines": [34, 35], "summary": {"covered_lines": 2, "num_statements": 2, "percent_covered": 100.0, "percent_covered_display": "100", "missing_lines": 0, "excluded_lines": 0, "percent_statements_covered": 100.0, "percent_statements_covered_display": "100", "num_branches": 0, "num_partial_branches": 0, "covered_branches": 0, "missing_branches": 0, "percent_branches_covered": 100.0, "percent_branches_covered_display": "100"}, "missing_lines": [], "excluded_lines": [], "start_line": 33, "executed_branches": [], "missing_branches": []}, "ReasoningEngine.process": {"executed_lines": [45, 46, 47, 48, 50, 51, 52, 55, 57, 58], "summary": {"covered_lines": 10, "num_statements": 14, "percent_covered": 70.0, "percent_covered_display": "70", "missing_lines": 4, "excluded_lines": 0, "percent_statements_covered": 71.42857142857143, "percent_statements_covered_display": "71", "num_branches": 6, "num_partial_branches": 2, "covered_branches": 4, "missing_branches": 2, "percent_branches_covered": 66.66666666666667, "percent_branches_covered_display": "67"}, "missing_lines": [49, 53, 54, 56], "excluded_lines": [], "start_line": 37, "executed_branches": [[47, 48], [47, 57], [48, 50], [55, 47]], "missing_branches": [[48, 49], [55, 56]]}, "ReasoningEngine.get_recommendations": {"executed_lines": [], "summary": {"covered_lines": 0, "num_statements": 1, "percent_covered": 0.0, "percent_covered_display": "0", "missing_lines": 1, "excluded_lines": 0, "percent_statements_covered": 0.0, "percent_statements_covered_display": "0", "num_branches": 0, "num_partial_branches": 0, "covered_branches": 0, "missing_branches": 0, "percent_branches_covered": 100.0, "percent_branches_covered_display": "100"}, "missing_lines": [62], "excluded_lines": [], "start_line": 60, "executed_branches": [], "missing_branches": []}, "ReasoningEngine.get_decision": {"executed_lines": [65], "summary": {"covered_lines": 1, "num_statements": 1, "percent_covered": 100.0, "percent_covered_display": "100", "missing_lines": 0, "excluded_lines": 0, "percent_statements_covered": 100.0, "percent_statements_covered_display": "100", "num_branches": 0, "num_partial_branches": 0, "covered_branches": 0, "missing_branches": 0, "percent_branches_covered": 100.0, "percent_branches_covered_display": "100"}, "missing_lines": [], "excluded_lines": [], "start_line": 64, "executed_branches": [], "missing_branches": []}, "ReasoningEngine.export_log": {"executed_lines": [69, 73, 74, 75], "summary": {"covered_lines": 4, "num_statements": 6, "percent_covered": 66.66666666666667, "percent_covered_display": "67", "missing_lines": 2, "excluded_lines": 0, "percent_statements_covered": 66.66666666666667, "percent_statements_covered_display": "67", "num_branches": 0, "num_partial_branches": 0, "covered_branches": 0, "missing_branches": 0, "percent_branches_covered": 100.0, "percent_branches_covered_display": "100"}, "missing_lines": [76, 77], "excluded_lines": [], "start_line": 67, "executed_branches": [], "missing_branches": []}, "ReasoningEngine.summary_stats": {"executed_lines": [81, 82, 83, 84, 85], "summary": {"covered_lines": 5, "num_statements": 5, "percent_covered": 100.0, "percent_covered_display": "100", "missing_lines": 0, "excluded_lines": 0, "percent_statements_covered": 100.0, "percent_statements_covered_display": "100", "num_branches": 2, "num_partial_branches": 0, "covered_branches": 2, "missing_branches": 0, "percent_branches_covered": 100.0, "percent_branches_covered_display": "100"}, "missing_lines": [], "excluded_lines": [], "start_line": 79, "executed_branches": [[82, 83], [82, 84]], "missing_branches": []}, "": {"executed_lines": [10, 12, 13, 14, 15, 17, 18, 20, 23, 33, 37, 60, 64, 67, 79], "summary": {"covered_lines": 15, "num_statements": 15, "percent_covered": 100.0, "percent_covered_display": "100", "missing_lines": 0, "excluded_lines": 0, "percent_statements_covered": 100.0, "percent_statements_covered_display": "100", "num_branches": 0, "num_partial_branches": 0, "covered_branches": 0, "missing_branches": 0, "percent_branches_covered": 100.0, "percent_branches_covered_display": "100"}, "missing_lines": [], "excluded_lines": [], "start_line": 1, "executed_branches": [], "missing_branches": []}}, "classes": {"ReasoningEngine": {"executed_lines": [34, 35, 45, 46, 47, 48, 50, 51, 52, 55, 57, 58, 65, 69, 73, 74, 75, 81, 82, 83, 84, 85], "summary": {"covered_lines": 22, "num_statements": 29, "percent_covered": 75.67567567567568, "percent_covered_display": "76", "missing_lines": 7, "excluded_lines": 0, "percent_statements_covered": 75.86206896551724, "percent_statements_covered_display": "76", "num_branches": 8, "num_partial_branches": 2, "covered_branches": 6, "missing_branches": 2, "percent_branches_covered": 75.0, "percent_branches_covered_display": "75"}, "missing_lines": [49, 53, 54, 56, 62, 76, 77], "excluded_lines": [], "start_line": 23, "executed_branches": [[47, 48], [47, 57], [48, 50], [55, 47], [82, 83], [82, 84]], "missing_branches": [[48, 49], [55, 56]]}, "": {"executed_lines": [10, 12, 13, 14, 15, 17, 18, 20, 23, 33, 37, 60, 64, 67, 79], "summary": {"covered_lines": 15, "num_statements": 15, "percent_covered": 100.0, "percent_covered_display": "100", "missing_lines": 0, "excluded_lines": 0, "percent_statements_covered": 100.0, "percent_statements_covered_display": "100", "num_branches": 0, "num_partial_branches": 0, "covered_branches": 0, "missing_branches": 0, "percent_branches_covered": 100.0, "percent_branches_covered_display": "100"}, "missing_lines": [], "excluded_lines": [], "start_line": 1, "executed_branches": [], "missing_branches": []}}}, "app\\agents\\retention_agent.py": {"executed_lines": [14, 16, 17, 18, 19, 20, 21, 23, 28, 42, 48, 54, 67, 68, 70, 71, 72, 73, 76, 77, 82, 83, 84, 85, 87, 88, 108, 117, 121, 122, 125, 126, 127, 128, 131, 132, 133, 134, 137, 138, 139, 140, 141, 143, 144, 145, 146, 149, 150, 151, 152, 153, 154, 157, 158, 161, 162, 165, 166, 167, 168, 171, 172, 173, 178, 179, 180, 181, 186, 187, 190, 193, 194, 195, 198, 199, 200, 204, 206, 217, 218, 219, 220, 221, 222, 223, 226, 227, 228, 229, 230, 232, 233, 234, 235, 236, 243, 244, 249, 251, 252, 257, 258, 259, 260, 261, 262, 263, 264, 265, 267, 268], "summary": {"covered_lines": 112, "num_statements": 121, "percent_covered": 89.937106918239, "percent_covered_display": "90", "missing_lines": 9, "excluded_lines": 0, "percent_statements_covered": 92.56198347107438, "percent_statements_covered_display": "93", "num_branches": 38, "num_partial_branches": 7, "covered_branches": 31, "missing_branches": 7, "percent_branches_covered": 81.57894736842105, "percent_branches_covered_display": "82"}, "missing_lines": [160, 175, 183, 202, 224, 245, 246, 247, 248], "excluded_lines": [], "executed_branches": [[121, 122], [121, 125], [126, 127], [126, 131], [132, 133], [132, 137], [144, 145], [144, 193], [151, 152], [151, 153], [153, 154], [157, 158], [161, 162], [167, 168], [167, 171], [171, 172], [178, 179], [198, 199], [220, 221], [220, 222], [222, 223], [227, 228], [227, 230], [228, 227], [228, 229], [257, 258], [257, 259], [259, 260], [259, 261], [263, 264], [263, 265]], "missing_branches": [[153, 157], [157, 160], [161, 165], [171, 175], [178, 183], [198, 202], [222, 224]], "functions": {"AgentDecision.to_dict": {"executed_lines": [88], "summary": {"covered_lines": 1, "num_statements": 1, "percent_covered": 100.0, "percent_covered_display": "100", "missing_lines": 0, "excluded_lines": 0, "percent_statements_covered": 100.0, "percent_statements_covered_display": "100", "num_branches": 0, "num_partial_branches": 0, "covered_branches": 0, "missing_branches": 0, "percent_branches_covered": 100.0, "percent_branches_covered_display": "100"}, "missing_lines": [], "excluded_lines": [], "start_line": 87, "executed_branches": [], "missing_branches": []}, "RetentionAgent.analyse": {"executed_lines": [121, 122, 125, 126, 127, 128, 131, 132, 133, 134, 137, 138, 139, 140, 141, 143, 144, 145, 146, 149, 150, 151, 152, 153, 154, 157, 158, 161, 162, 165, 166, 167, 168, 171, 172, 173, 178, 179, 180, 181, 186, 187, 190, 193, 194, 195, 198, 199, 200, 204, 206], "summary": {"covered_lines": 51, "num_statements": 55, "percent_covered": 87.34177215189874, "percent_covered_display": "87", "missing_lines": 4, "excluded_lines": 0, "percent_statements_covered": 92.72727272727273, "percent_statements_covered_display": "93", "num_branches": 24, "num_partial_branches": 6, "covered_branches": 18, "missing_branches": 6, "percent_branches_covered": 75.0, "percent_branches_covered_display": "75"}, "missing_lines": [160, 175, 183, 202], "excluded_lines": [], "start_line": 117, "executed_branches": [[121, 122], [121, 125], [126, 127], [126, 131], [132, 133], [132, 137], [144, 145], [144, 193], [151, 152], [151, 153], [153, 154], [157, 158], [161, 162], [167, 168], [167, 171], [171, 172], [178, 179], [198, 199]], "missing_branches": [[153, 157], [157, 160], [161, 165], [171, 175], [178, 183], [198, 202]]}, "RetentionAgent._location_score": {"executed_lines": [218, 219, 220, 221, 222, 223], "summary": {"covered_lines": 6, "num_statements": 7, "percent_covered": 81.81818181818181, "percent_covered_display": "82", "missing_lines": 1, "excluded_lines": 0, "percent_statements_covered": 85.71428571428571, "percent_statements_covered_display": "86", "num_branches": 4, "num_partial_branches": 1, "covered_branches": 3, "missing_branches": 1, "percent_branches_covered": 75.0, "percent_branches_covered_display": "75"}, "missing_lines": [224], "excluded_lines": [], "start_line": 217, "executed_branches": [[220, 221], [220, 222], [222, 223]], "missing_branches": [[222, 224]]}, "RetentionAgent._filename_score": {"executed_lines": [227, 228, 229, 230], "summary": {"covered_lines": 4, "num_statements": 4, "percent_covered": 100.0, "percent_covered_display": "100", "missing_lines": 0, "excluded_lines": 0, "percent_statements_covered": 100.0, "percent_statements_covered_display": "100", "num_branches": 4, "num_partial_branches": 0, "covered_branches": 4, "missing_branches": 0, "percent_branches_covered": 100.0, "percent_branches_covered_display": "100"}, "missing_lines": [], "excluded_lines": [], "start_line": 226, "executed_branches": [[227, 228], [227, 230], [228, 227], [228, 229]], "missing_branches": []}, "RetentionAgent._gather_metadata": {"executed_lines": [233, 234, 235, 236, 243, 244, 249], "summary": {"covered_lines": 7, "num_statements": 11, "percent_covered": 63.63636363636363, "percent_covered_display": "64", "missing_lines": 4, "excluded_lines": 0, "percent_statements_covered": 63.63636363636363, "percent_statements_covered_display": "64", "num_branches": 0, "num_partial_branches": 0, "covered_branches": 0, "missing_branches": 0, "percent_branches_covered": 100.0, "percent_branches_covered_display": "100"}, "missing_lines": [245, 246, 247, 248], "excluded_lines": [], "start_line": 232, "executed_branches": [], "missing_branches": []}, "RetentionAgent._build_reasoning": {"executed_lines": [252, 257, 258, 259, 260, 261, 262, 263, 264, 265], "summary": {"covered_lines": 10, "num_statements": 10, "percent_covered": 100.0, "percent_covered_display": "100", "missing_lines": 0, "excluded_lines": 0, "percent_statements_covered": 100.0, "percent_statements_covered_display": "100", "num_branches": 6, "num_partial_branches": 0, "covered_branches": 6, "missing_branches": 0, "percent_branches_covered": 100.0, "percent_branches_covered_display": "100"}, "missing_lines": [], "excluded_lines": [], "start_line": 251, "executed_branches": [[257, 258], [257, 259], [259, 260], [259, 261], [263, 264], [263, 265]], "missing_branches": []}, "RetentionAgent._fallback_decision": {"executed_lines": [268], "summary": {"covered_lines": 1, "num_statements": 1, "percent_covered": 100.0, "percent_covered_display": "100", "missing_lines": 0, "excluded_lines": 0, "percent_statements_covered": 100.0, "percent_statements_covered_display": "100", "num_branches": 0, "num_partial_branches": 0, "covered_branches": 0, "missing_branches": 0, "percent_branches_covered": 100.0, "percent_branches_covered_display": "100"}, "missing_lines": [], "excluded_lines": [], "start_line": 267, "executed_branches": [], "missing_branches": []}, "": {"executed_lines": [14, 16, 17, 18, 19, 20, 21, 23, 28, 42, 48, 54, 67, 68, 70, 71, 72, 73, 76, 77, 82, 83, 84, 85, 87, 108, 117, 217, 226, 232, 251, 267], "summary": {"covered_lines": 32, "num_statements": 32, "percent_covered": 100.0, "percent_covered_display": "100", "missing_lines": 0, "excluded_lines": 0, "percent_statements_covered": 100.0, "percent_statements_covered_display": "100", "num_branches": 0, "num_partial_branches": 0, "covered_branches": 0, "missing_branches": 0, "percent_branches_covered": 100.0, "percent_branches_covered_display": "100"}, "missing_lines": [], "excluded_lines": [], "start_line": 1, "executed_branches": [], "missing_branches": []}}, "classes": {"AgentScore": {"executed_lines": [], "summary": {"covered_lines": 0, "num_statements": 0, "percent_covered": 100.0, "percent_covered_display": "100", "missing_lines": 0, "excluded_lines": 0, "percent_statements_covered": 100.0, "percent_statements_covered_display": "100", "num_branches": 0, "num_partial_branches": 0, "covered_branches": 0, "missing_branches": 0, "percent_branches_covered": 100.0, "percent_branches_covered_display": "100"}, "missing_lines": [], "excluded_lines": [], "start_line": 68, "executed_branches": [], "missing_branches": []}, "AgentDecision": {"executed_lines": [88], "summary": {"covered_lines": 1, "num_statements": 1, "percent_covered": 100.0, "percent_covered_display": "100", "missing_lines": 0, "excluded_lines": 0, "percent_statements_covered": 100.0, "percent_statements_covered_display": "100", "num_branches": 0, "num_partial_branches": 0, "covered_branches": 0, "missing_branches": 0, "percent_branches_covered": 100.0, "percent_branches_covered_display": "100"}, "missing_lines": [], "excluded_lines": [], "start_line": 77, "executed_branches": [], "missing_branches": []}, "RetentionAgent": {"executed_lines": [121, 122, 125, 126, 127, 128, 131, 132, 133, 134, 137, 138, 139, 140, 141, 143, 144, 145, 146, 149, 150, 151, 152, 153, 154, 157, 158, 161, 162, 165, 166, 167, 168, 171, 172, 173, 178, 179, 180, 181, 186, 187, 190, 193, 194, 195, 198, 199, 200, 204, 206, 218, 219, 220, 221, 222, 223, 227, 228, 229, 230, 233, 234, 235, 236, 243, 244, 249, 252, 257, 258, 259, 260, 261, 262, 263, 264, 265, 268], "summary": {"covered_lines": 79, "num_statements": 88, "percent_covered": 87.3015873015873, "percent_covered_display": "87", "missing_lines": 9, "excluded_lines": 0, "percent_statements_covered": 89.77272727272727, "percent_statements_covered_display": "90", "num_branches": 38, "num_partial_branches": 7, "covered_branches": 31, "missing_branches": 7, "percent_branches_covered": 81.57894736842105, "percent_branches_covered_display": "82"}, "missing_lines": [160, 175, 183, 202, 224, 245, 246, 247, 248], "excluded_lines": [], "start_line": 108, "executed_branches": [[121, 122], [121, 125], [126, 127], [126, 131], [132, 133], [132, 137], [144, 145], [144, 193], [151, 152], [151, 153], [153, 154], [157, 158], [161, 162], [167, 168], [167, 171], [171, 172], [178, 179], [198, 199], [220, 221], [220, 222], [222, 223], [227, 228], [227, 230], [228, 227], [228, 229], [257, 258], [257, 259], [259, 260], [259, 261], [263, 264], [263, 265]], "missing_branches": [[153, 157], [157, 160], [161, 165], [171, 175], [178, 183], [198, 202], [222, 224]]}, "": {"executed_lines": [14, 16, 17, 18, 19, 20, 21, 23, 28, 42, 48, 54, 67, 68, 70, 71, 72, 73, 76, 77, 82, 83, 84, 85, 87, 108, 117, 217, 226, 232, 251, 267], "summary": {"covered_lines": 32, "num_statements": 32, "percent_covered": 100.0, "percent_covered_display": "100", "missing_lines": 0, "excluded_lines": 0, "percent_statements_covered": 100.0, "percent_statements_covered_display": "100", "num_branches": 0, "num_partial_branches": 0, "covered_branches": 0, "missing_branches": 0, "percent_branches_covered": 100.0, "percent_branches_covered_display": "100"}, "missing_lines": [], "excluded_lines": [], "start_line": 1, "executed_branches": [], "missing_branches": []}}}, "app\\engine\\__init__.py": {"executed_lines": [], "summary": {"covered_lines": 0, "num_statements": 0, "percent_covered": 100.0, "percent_covered_display": "100", "missing_lines": 0, "excluded_lines": 0, "percent_statements_covered": 100.0, "percent_statements_covered_display": "100", "num_branches": 0, "num_partial_branches": 0, "covered_branches": 0, "missing_branches": 0, "percent_branches_covered": 100.0, "percent_branches_covered_display": "100"}, "missing_lines": [], "excluded_lines": [], "executed_branches": [], "missing_branches": [], "functions": {"": {"executed_lines": [], "summary": {"covered_lines": 0, "num_statements": 0, "percent_covered": 100.0, "percent_covered_display": "100", "missing_lines": 0, "excluded_lines": 0, "percent_statements_covered": 100.0, "percent_statements_covered_display": "100", "num_branches": 0, "num_partial_branches": 0, "covered_branches": 0, "missing_branches": 0, "percent_branches_covered": 100.0, "percent_branches_covered_display": "100"}, "missing_lines": [], "excluded_lines": [], "start_line": 1, "executed_branches": [], "missing_branches": []}}, "classes": {"": {"executed_lines": [], "summary": {"covered_lines": 0, "num_statements": 0, "percent_covered": 100.0, "percent_covered_display": "100", "missing_lines": 0, "excluded_lines": 0, "percent_statements_covered": 100.0, "percent_statements_covered_display": "100", "num_branches": 0, "num_partial_branches": 0, "covered_branches": 0, "missing_branches": 0, "percent_branches_covered": 100.0, "percent_branches_covered_display": "100"}, "missing_lines": [], "excluded_lines": [], "start_line": 1, "executed_branches": [], "missing_branches": []}}}, "app\\engine\\deduplicator.py": {"executed_lines": [16, 18, 19, 20, 21, 22, 23, 24, 26, 27, 29, 36, 37, 39, 40, 41, 42, 44, 45, 46, 49, 50, 52, 53, 54, 55, 56, 57, 59, 60, 61, 68, 75, 89, 99, 100, 101, 102, 103, 104, 105, 107, 108, 109, 115, 120, 121, 122, 125, 126, 127, 129, 130, 131, 132, 133, 134, 135, 138, 139, 141, 142, 145, 146, 147, 149, 151, 152, 154, 155, 156, 157, 158, 159, 160, 166, 167, 168, 171, 172, 173, 174, 176, 186, 187, 189, 190, 193, 194, 195, 196, 198, 199, 211, 214, 218, 220, 221, 222, 223, 224, 226, 231, 232, 238, 248, 251, 252, 253, 255, 257, 258, 260, 261, 262, 263, 264, 265, 266, 267, 269, 270, 271, 275, 276, 277, 279, 280, 281, 282, 283, 284, 290, 296, 366, 373, 374, 375, 389], "summary": {"covered_lines": 139, "num_statements": 218, "percent_covered": 64.13793103448276, "percent_covered_display": "64", "missing_lines": 79, "excluded_lines": 0, "percent_statements_covered": 63.76146788990825, "percent_statements_covered_display": "64", "num_branches": 72, "num_partial_branches": 9, "covered_branches": 47, "missing_branches": 25, "percent_branches_covered": 65.27777777777777, "percent_branches_covered_display": "65"}, "missing_lines": [153, 177, 178, 179, 180, 181, 182, 183, 188, 200, 201, 207, 208, 209, 215, 227, 228, 229, 259, 268, 272, 273, 274, 306, 307, 308, 309, 310, 311, 313, 314, 316, 317, 319, 321, 325, 326, 328, 329, 330, 331, 334, 335, 336, 337, 338, 339, 340, 341, 343, 344, 346, 347, 348, 350, 351, 352, 353, 354, 360, 394, 395, 396, 398, 399, 400, 401, 402, 403, 404, 405, 406, 407, 408, 409, 410, 411, 412, 413], "excluded_lines": [], "executed_branches": [[130, 131], [130, 138], [131, 132], [131, 133], [141, 142], [141, 145], [149, 151], [149, 171], [151, 152], [151, 211], [152, 154], [155, 156], [155, 157], [157, 151], [157, 158], [158, 157], [158, 159], [186, 187], [186, 211], [187, 189], [194, 195], [194, 198], [195, 196], [198, 186], [198, 199], [199, 198], [214, 218], [220, 221], [220, 226], [226, 231], [252, 253], [252, 255], [257, 258], [257, 290], [258, 260], [261, 257], [261, 262], [262, 263], [262, 264], [266, 267], [266, 279], [267, 269], [275, 266], [275, 276], [279, 261], [279, 280], [282, 283]], "missing_branches": [[152, 153], [187, 188], [195, 194], [199, 200], [214, 215], [226, 227], [258, 259], [267, 268], [282, 261], [321, 325], [321, 360], [325, 326], [325, 328], [329, 330], [329, 334], [343, 344], [343, 346], [350, 321], [350, 351], [352, 350], [352, 353], [400, 401], [400, 402], [403, 404], [403, 410]], "functions": {"DuplicateGroup.group_size": {"executed_lines": [46], "summary": {"covered_lines": 1, "num_statements": 1, "percent_covered": 100.0, "percent_covered_display": "100", "missing_lines": 0, "excluded_lines": 0, "percent_statements_covered": 100.0, "percent_statements_covered_display": "100", "num_branches": 0, "num_partial_branches": 0, "covered_branches": 0, "missing_branches": 0, "percent_branches_covered": 100.0, "percent_branches_covered_display": "100"}, "missing_lines": [], "excluded_lines": [], "start_line": 45, "executed_branches": [], "missing_branches": []}, "DeduplicationResult.duplicate_groups": {"executed_lines": [61], "summary": {"covered_lines": 1, "num_statements": 1, "percent_covered": 100.0, "percent_covered_display": "100", "missing_lines": 0, "excluded_lines": 0, "percent_statements_covered": 100.0, "percent_statements_covered_display": "100", "num_branches": 0, "num_partial_branches": 0, "covered_branches": 0, "missing_branches": 0, "percent_branches_covered": 100.0, "percent_branches_covered_display": "100"}, "missing_lines": [], "excluded_lines": [], "start_line": 60, "executed_branches": [], "missing_branches": []}, "Deduplicator.__init__": {"executed_lines": [99, 100, 101, 102, 103, 104, 105], "summary": {"covered_lines": 7, "num_statements": 7, "percent_covered": 100.0, "percent_covered_display": "100", "missing_lines": 0, "excluded_lines": 0, "percent_statements_covered": 100.0, "percent_statements_covered_display": "100", "num_branches": 0, "num_partial_branches": 0, "covered_branches": 0, "missing_branches": 0, "percent_branches_covered": 100.0, "percent_branches_covered_display": "100"}, "missing_lines": [], "excluded_lines": [], "start_line": 89, "executed_branches": [], "missing_branches": []}, "Deduplicator.is_cancelled": {"executed_lines": [109], "summary": {"covered_lines": 1, "num_statements": 1, "percent_covered": 100.0, "percent_covered_display": "100", "missing_lines": 0, "excluded_lines": 0, "percent_statements_covered": 100.0, "percent_statements_covered_display": "100", "num_branches": 0, "num_partial_branches": 0, "covered_branches": 0, "missing_branches": 0, "percent_branches_covered": 100.0, "percent_branches_covered_display": "100"}, "missing_lines": [], "excluded_lines": [], "start_line": 108, "executed_branches": [], "missing_branches": []}, "Deduplicator.run": {"executed_lines": [120, 121, 122, 125, 126, 127, 129, 130, 131, 132, 133, 134, 135, 138, 139, 141, 142, 145, 146, 147, 149, 151, 152, 154, 155, 156, 157, 158, 159, 160, 166, 167, 168, 171, 172, 173, 174, 176, 186, 187, 189, 190, 193, 194, 195, 196, 198, 199, 211, 214, 218, 220, 221, 222, 223, 224, 226, 231, 232], "summary": {"covered_lines": 59, "num_statements": 77, "percent_covered": 78.76106194690266, "percent_covered_display": "79", "missing_lines": 18, "excluded_lines": 0, "percent_statements_covered": 76.62337662337663, "percent_statements_covered_display": "77", "num_branches": 36, "num_partial_branches": 6, "covered_branches": 30, "missing_branches": 6, "percent_branches_covered": 83.33333333333333, "percent_branches_covered_display": "83"}, "missing_lines": [153, 177, 178, 179, 180, 181, 182, 183, 188, 200, 201, 207, 208, 209, 215, 227, 228, 229], "excluded_lines": [], "start_line": 115, "executed_branches": [[130, 131], [130, 138], [131, 132], [131, 133], [141, 142], [141, 145], [149, 151], [149, 171], [151, 152], [151, 211], [152, 154], [155, 156], [155, 157], [157, 151], [157, 158], [158, 157], [158, 159], [186, 187], [186, 211], [187, 189], [194, 195], [194, 198], [195, 196], [198, 186], [198, 199], [199, 198], [214, 218], [220, 221], [220, 226], [226, 231]], "missing_branches": [[152, 153], [187, 188], [195, 194], [199, 200], [214, 215], [226, 227]]}, "Deduplicator._pass3_fuzzy": {"executed_lines": [248, 251, 252, 253, 255, 257, 258, 260, 261, 262, 263, 264, 265, 266, 267, 269, 270, 271, 275, 276, 277, 279, 280, 281, 282, 283, 284, 290], "summary": {"covered_lines": 28, "num_statements": 33, "percent_covered": 84.90566037735849, "percent_covered_display": "85", "missing_lines": 5, "excluded_lines": 0, "percent_statements_covered": 84.84848484848484, "percent_statements_covered_display": "85", "num_branches": 20, "num_partial_branches": 3, "covered_branches": 17, "missing_branches": 3, "percent_branches_covered": 85.0, "percent_branches_covered_display": "85"}, "missing_lines": [259, 268, 272, 273, 274], "excluded_lines": [], "start_line": 238, "executed_branches": [[252, 253], [252, 255], [257, 258], [257, 290], [258, 260], [261, 257], [261, 262], [262, 263], [262, 264], [266, 267], [266, 279], [267, 269], [275, 266], [275, 276], [279, 261], [279, 280], [282, 283]], "missing_branches": [[258, 259], [267, 268], [282, 261]]}, "Deduplicator._pass3_semantic": {"executed_lines": [], "summary": {"covered_lines": 0, "num_statements": 37, "percent_covered": 0.0, "percent_covered_display": "0", "missing_lines": 37, "excluded_lines": 0, "percent_statements_covered": 0.0, "percent_statements_covered_display": "0", "num_branches": 12, "num_partial_branches": 0, "covered_branches": 0, "missing_branches": 12, "percent_branches_covered": 0.0, "percent_branches_covered_display": "0"}, "missing_lines": [306, 307, 308, 309, 310, 311, 313, 314, 316, 317, 319, 321, 325, 326, 328, 329, 330, 331, 334, 335, 336, 337, 338, 339, 340, 341, 343, 344, 346, 347, 348, 350, 351, 352, 353, 354, 360], "excluded_lines": [], "start_line": 296, "executed_branches": [], "missing_branches": [[321, 325], [321, 360], [325, 326], [325, 328], [329, 330], [329, 334], [343, 344], [343, 346], [350, 321], [350, 351], [352, 350], [352, 353]]}, "Deduplicator._build_result": {"executed_lines": [373, 374, 375], "summary": {"covered_lines": 3, "num_statements": 3, "percent_covered": 100.0, "percent_covered_display": "100", "missing_lines": 0, "excluded_lines": 0, "percent_statements_covered": 100.0, "percent_statements_covered_display": "100", "num_branches": 0, "num_partial_branches": 0, "covered_branches": 0, "missing_branches": 0, "percent_branches_covered": 100.0, "percent_branches_covered_display": "100"}, "missing_lines": [], "excluded_lines": [], "start_line": 366, "executed_branches": [], "missing_branches": []}, "_embed_batch_worker": {"executed_lines": [], "summary": {"covered_lines": 0, "num_statements": 19, "percent_covered": 0.0, "percent_covered_display": "0", "missing_lines": 19, "excluded_lines": 0, "percent_statements_covered": 0.0, "percent_statements_covered_display": "0", "num_branches": 4, "num_partial_branches": 0, "covered_branches": 0, "missing_branches": 4, "percent_branches_covered": 0.0, "percent_branches_covered_display": "0"}, "missing_lines": [394, 395, 396, 398, 399, 400, 401, 402, 403, 404, 405, 406, 407, 408, 409, 410, 411, 412, 413], "excluded_lines": [], "start_line": 389, "executed_branches": [], "missing_branches": [[400, 401], [400, 402], [403, 404], [403, 410]]}, "": {"executed_lines": [16, 18, 19, 20, 21, 22, 23, 24, 26, 27, 29, 36, 37, 39, 40, 41, 42, 44, 45, 49, 50, 52, 53, 54, 55, 56, 57, 59, 60, 68, 75, 89, 107, 108, 115, 238, 296, 366, 389], "summary": {"covered_lines": 39, "num_statements": 39, "percent_covered": 100.0, "percent_covered_display": "100", "missing_lines": 0, "excluded_lines": 0, "percent_statements_covered": 100.0, "percent_statements_covered_display": "100", "num_branches": 0, "num_partial_branches": 0, "covered_branches": 0, "missing_branches": 0, "percent_branches_covered": 100.0, "percent_branches_covered_display": "100"}, "missing_lines": [], "excluded_lines": [], "start_line": 1, "executed_branches": [], "missing_branches": []}}, "classes": {"DuplicateGroup": {"executed_lines": [46], "summary": {"covered_lines": 1, "num_statements": 1, "percent_covered": 100.0, "percent_covered_display": "100", "missing_lines": 0, "excluded_lines": 0, "percent_statements_covered": 100.0, "percent_statements_covered_display": "100", "num_branches": 0, "num_partial_branches": 0, "covered_branches": 0, "missing_branches": 0, "percent_branches_covered": 100.0, "percent_branches_covered_display": "100"}, "missing_lines": [], "excluded_lines": [], "start_line": 37, "executed_branches": [], "missing_branches": []}, "DeduplicationResult": {"executed_lines": [61], "summary": {"covered_lines": 1, "num_statements": 1, "percent_covered": 100.0, "percent_covered_display": "100", "missing_lines": 0, "excluded_lines": 0, "percent_statements_covered": 100.0, "percent_statements_covered_display": "100", "num_branches": 0, "num_partial_branches": 0, "covered_branches": 0, "missing_branches": 0, "percent_branches_covered": 100.0, "percent_branches_covered_display": "100"}, "missing_lines": [], "excluded_lines": [], "start_line": 50, "executed_branches": [], "missing_branches": []}, "Deduplicator": {"executed_lines": [99, 100, 101, 102, 103, 104, 105, 109, 120, 121, 122, 125, 126, 127, 129, 130, 131, 132, 133, 134, 135, 138, 139, 141, 142, 145, 146, 147, 149, 151, 152, 154, 155, 156, 157, 158, 159, 160, 166, 167, 168, 171, 172, 173, 174, 176, 186, 187, 189, 190, 193, 194, 195, 196, 198, 199, 211, 214, 218, 220, 221, 222, 223, 224, 226, 231, 232, 248, 251, 252, 253, 255, 257, 258, 260, 261, 262, 263, 264, 265, 266, 267, 269, 270, 271, 275, 276, 277, 279, 280, 281, 282, 283, 284, 290, 373, 374, 375], "summary": {"covered_lines": 98, "num_statements": 158, "percent_covered": 64.15929203539822, "percent_covered_display": "64", "missing_lines": 60, "excluded_lines": 0, "percent_statements_covered": 62.0253164556962, "percent_statements_covered_display": "62", "num_branches": 68, "num_partial_branches": 9, "covered_branches": 47, "missing_branches": 21, "percent_branches_covered": 69.11764705882354, "percent_branches_covered_display": "69"}, "missing_lines": [153, 177, 178, 179, 180, 181, 182, 183, 188, 200, 201, 207, 208, 209, 215, 227, 228, 229, 259, 268, 272, 273, 274, 306, 307, 308, 309, 310, 311, 313, 314, 316, 317, 319, 321, 325, 326, 328, 329, 330, 331, 334, 335, 336, 337, 338, 339, 340, 341, 343, 344, 346, 347, 348, 350, 351, 352, 353, 354, 360], "excluded_lines": [], "start_line": 75, "executed_branches": [[130, 131], [130, 138], [131, 132], [131, 133], [141, 142], [141, 145], [149, 151], [149, 171], [151, 152], [151, 211], [152, 154], [155, 156], [155, 157], [157, 151], [157, 158], [158, 157], [158, 159], [186, 187], [186, 211], [187, 189], [194, 195], [194, 198], [195, 196], [198, 186], [198, 199], [199, 198], [214, 218], [220, 221], [220, 226], [226, 231], [252, 253], [252, 255], [257, 258], [257, 290], [258, 260], [261, 257], [261, 262], [262, 263], [262, 264], [266, 267], [266, 279], [267, 269], [275, 266], [275, 276], [279, 261], [279, 280], [282, 283]], "missing_branches": [[152, 153], [187, 188], [195, 194], [199, 200], [214, 215], [226, 227], [258, 259], [267, 268], [282, 261], [321, 325], [321, 360], [325, 326], [325, 328], [329, 330], [329, 334], [343, 344], [343, 346], [350, 321], [350, 351], [352, 350], [352, 353]]}, "": {"executed_lines": [16, 18, 19, 20, 21, 22, 23, 24, 26, 27, 29, 36, 37, 39, 40, 41, 42, 44, 45, 49, 50, 52, 53, 54, 55, 56, 57, 59, 60, 68, 75, 89, 107, 108, 115, 238, 296, 366, 389], "summary": {"covered_lines": 39, "num_statements": 58, "percent_covered": 62.903225806451616, "percent_covered_display": "63", "missing_lines": 19, "excluded_lines": 0, "percent_statements_covered": 67.24137931034483, "percent_statements_covered_display": "67", "num_branches": 4, "num_partial_branches": 0, "covered_branches": 0, "missing_branches": 4, "percent_branches_covered": 0.0, "percent_branches_covered_display": "0"}, "missing_lines": [394, 395, 396, 398, 399, 400, 401, 402, 403, 404, 405, 406, 407, 408, 409, 410, 411, 412, 413], "excluded_lines": [], "start_line": 1, "executed_branches": [], "missing_branches": [[400, 401], [400, 402], [403, 404], [403, 410]]}}}, "app\\engine\\hasher.py": {"executed_lines": [14, 16, 17, 18, 19, 20, 22, 27, 28, 29, 35, 40, 47, 57, 59, 64, 65, 66, 67, 73, 85, 88, 89, 90, 96, 102, 103, 104, 106, 115, 121, 122, 123, 125, 126, 129, 130, 131, 132, 134, 135, 136, 141, 142, 145, 151, 156, 157, 158, 159, 160, 161, 162, 165, 166, 167], "summary": {"covered_lines": 56, "num_statements": 70, "percent_covered": 80.23255813953489, "percent_covered_display": "80", "missing_lines": 14, "excluded_lines": 0, "percent_statements_covered": 80.0, "percent_statements_covered_display": "80", "num_branches": 16, "num_partial_branches": 3, "covered_branches": 13, "missing_branches": 3, "percent_branches_covered": 81.25, "percent_branches_covered_display": "81"}, "missing_lines": [30, 31, 32, 86, 105, 107, 108, 109, 137, 138, 139, 143, 163, 164], "excluded_lines": [], "executed_branches": [[64, 65], [64, 66], [85, 88], [88, 89], [88, 90], [104, 106], [129, 130], [129, 145], [130, 131], [130, 134], [142, 129], [159, 160], [159, 161]], "missing_branches": [[85, 86], [104, 105], [142, 143]], "functions": {"FileHasher.__init__": {"executed_lines": [64, 65, 66, 67], "summary": {"covered_lines": 4, "num_statements": 4, "percent_covered": 100.0, "percent_covered_display": "100", "missing_lines": 0, "excluded_lines": 0, "percent_statements_covered": 100.0, "percent_statements_covered_display": "100", "num_branches": 2, "num_partial_branches": 0, "covered_branches": 2, "missing_branches": 0, "percent_branches_covered": 100.0, "percent_branches_covered_display": "100"}, "missing_lines": [], "excluded_lines": [], "start_line": 59, "executed_branches": [[64, 65], [64, 66]], "missing_branches": []}, "FileHasher.hash_batch": {"executed_lines": [85, 88, 89, 90], "summary": {"covered_lines": 4, "num_statements": 5, "percent_covered": 77.77777777777777, "percent_covered_display": "78", "missing_lines": 1, "excluded_lines": 0, "percent_statements_covered": 80.0, "percent_statements_covered_display": "80", "num_branches": 4, "num_partial_branches": 1, "covered_branches": 3, "missing_branches": 1, "percent_branches_covered": 75.0, "percent_branches_covered_display": "75"}, "missing_lines": [86], "excluded_lines": [], "start_line": 73, "executed_branches": [[85, 88], [88, 89], [88, 90]], "missing_branches": [[85, 86]]}, "FileHasher._hash_batch_rust": {"executed_lines": [102, 103, 104, 106], "summary": {"covered_lines": 4, "num_statements": 8, "percent_covered": 50.0, "percent_covered_display": "50", "missing_lines": 4, "excluded_lines": 0, "percent_statements_covered": 50.0, "percent_statements_covered_display": "50", "num_branches": 2, "num_partial_branches": 1, "covered_branches": 1, "missing_branches": 1, "percent_branches_covered": 50.0, "percent_branches_covered_display": "50"}, "missing_lines": [105, 107, 108, 109], "excluded_lines": [], "start_line": 96, "executed_branches": [[104, 106]], "missing_branches": [[104, 105]]}, "FileHasher._hash_batch_python": {"executed_lines": [121, 122, 123, 125, 126, 129, 130, 131, 132, 134, 135, 136, 141, 142, 145], "summary": {"covered_lines": 15, "num_statements": 19, "percent_covered": 80.0, "percent_covered_display": "80", "missing_lines": 4, "excluded_lines": 0, "percent_statements_covered": 78.94736842105263, "percent_statements_covered_display": "79", "num_branches": 6, "num_partial_branches": 1, "covered_branches": 5, "missing_branches": 1, "percent_branches_covered": 83.33333333333333, "percent_branches_covered_display": "83"}, "missing_lines": [137, 138, 139, 143], "excluded_lines": [], "start_line": 115, "executed_branches": [[129, 130], [129, 145], [130, 131], [130, 134], [142, 129]], "missing_branches": [[142, 143]]}, "FileHasher._hash_one": {"executed_lines": [156, 157, 158, 159, 160, 161, 162, 165, 166, 167], "summary": {"covered_lines": 10, "num_statements": 12, "percent_covered": 85.71428571428571, "percent_covered_display": "86", "missing_lines": 2, "excluded_lines": 0, "percent_statements_covered": 83.33333333333333, "percent_statements_covered_display": "83", "num_branches": 2, "num_partial_branches": 0, "covered_branches": 2, "missing_branches": 0, "percent_branches_covered": 100.0, "percent_branches_covered_display": "100"}, "missing_lines": [163, 164], "excluded_lines": [], "start_line": 151, "executed_branches": [[159, 160], [159, 161]], "missing_branches": []}, "": {"executed_lines": [14, 16, 17, 18, 19, 20, 22, 27, 28, 29, 35, 40, 47, 57, 59, 73, 96, 115, 151], "summary": {"covered_lines": 19, "num_statements": 22, "percent_covered": 86.36363636363636, "percent_covered_display": "86", "missing_lines": 3, "excluded_lines": 0, "percent_statements_covered": 86.36363636363636, "percent_statements_covered_display": "86", "num_branches": 0, "num_partial_branches": 0, "covered_branches": 0, "missing_branches": 0, "percent_branches_covered": 100.0, "percent_branches_covered_display": "100"}, "missing_lines": [30, 31, 32], "excluded_lines": [], "start_line": 1, "executed_branches": [], "missing_branches": []}}, "classes": {"FileHasher": {"executed_lines": [64, 65, 66, 67, 85, 88, 89, 90, 102, 103, 104, 106, 121, 122, 123, 125, 126, 129, 130, 131, 132, 134, 135, 136, 141, 142, 145, 156, 157, 158, 159, 160, 161, 162, 165, 166, 167], "summary": {"covered_lines": 37, "num_statements": 48, "percent_covered": 78.125, "percent_covered_display": "78", "missing_lines": 11, "excluded_lines": 0, "percent_statements_covered": 77.08333333333333, "percent_statements_covered_display": "77", "num_branches": 16, "num_partial_branches": 3, "covered_branches": 13, "missing_branches": 3, "percent_branches_covered": 81.25, "percent_branches_covered_display": "81"}, "missing_lines": [86, 105, 107, 108, 109, 137, 138, 139, 143, 163, 164], "excluded_lines": [], "start_line": 47, "executed_branches": [[64, 65], [64, 66], [85, 88], [88, 89], [88, 90], [104, 106], [129, 130], [129, 145], [130, 131], [130, 134], [142, 129], [159, 160], [159, 161]], "missing_branches": [[85, 86], [104, 105], [142, 143]]}, "": {"executed_lines": [14, 16, 17, 18, 19, 20, 22, 27, 28, 29, 35, 40, 47, 57, 59, 73, 96, 115, 151], "summary": {"covered_lines": 19, "num_statements": 22, "percent_covered": 86.36363636363636, "percent_covered_display": "86", "missing_lines": 3, "excluded_lines": 0, "percent_statements_covered": 86.36363636363636, "percent_statements_covered_display": "86", "num_branches": 0, "num_partial_branches": 0, "covered_branches": 0, "missing_branches": 0, "percent_branches_covered": 100.0, "percent_branches_covered_display": "100"}, "missing_lines": [30, 31, 32], "excluded_lines": [], "start_line": 1, "executed_branches": [], "missing_branches": []}}}, "app\\engine\\scanner.py": {"executed_lines": [15, 17, 18, 19, 20, 22, 27, 28, 29, 30, 39, 49, 50, 52, 53, 54, 55, 56, 58, 59, 60, 62, 63, 64, 71, 72, 74, 75, 76, 77, 78, 85, 95, 96, 97, 99, 101, 103, 108, 109, 111, 114, 121, 127, 128, 133, 146, 147, 148, 154, 159, 160, 161, 165, 170, 171, 172, 174, 175, 176, 178, 180, 181, 182, 185, 186, 187, 190, 207, 209, 210], "summary": {"covered_lines": 71, "num_statements": 88, "percent_covered": 77.27272727272727, "percent_covered_display": "77", "missing_lines": 17, "excluded_lines": 0, "percent_statements_covered": 80.68181818181819, "percent_statements_covered_display": "81", "num_branches": 22, "num_partial_branches": 4, "covered_branches": 14, "missing_branches": 8, "percent_branches_covered": 63.63636363636363, "percent_branches_covered_display": "64"}, "missing_lines": [31, 32, 33, 34, 115, 134, 135, 137, 138, 139, 162, 183, 188, 198, 199, 200, 201], "excluded_lines": [], "executed_branches": [[108, 109], [108, 111], [133, -121], [160, -154], [160, 161], [161, 165], [170, 160], [170, 171], [171, 172], [171, 174], [175, 176], [175, 178], [182, 185], [187, 190]], "missing_branches": [[133, 134], [134, 135], [134, 137], [137, 138], [137, 139], [161, 162], [182, 183], [187, 188]], "functions": {"FileInfo.filename": {"executed_lines": [60], "summary": {"covered_lines": 1, "num_statements": 1, "percent_covered": 100.0, "percent_covered_display": "100", "missing_lines": 0, "excluded_lines": 0, "percent_statements_covered": 100.0, "percent_statements_covered_display": "100", "num_branches": 0, "num_partial_branches": 0, "covered_branches": 0, "missing_branches": 0, "percent_branches_covered": 100.0, "percent_branches_covered_display": "100"}, "missing_lines": [], "excluded_lines": [], "start_line": 59, "executed_branches": [], "missing_branches": []}, "FileInfo.directory": {"executed_lines": [64], "summary": {"covered_lines": 1, "num_statements": 1, "percent_covered": 100.0, "percent_covered_display": "100", "missing_lines": 0, "excluded_lines": 0, "percent_statements_covered": 100.0, "percent_statements_covered_display": "100", "num_branches": 0, "num_partial_branches": 0, "covered_branches": 0, "missing_branches": 0, "percent_branches_covered": 100.0, "percent_branches_covered_display": "100"}, "missing_lines": [], "excluded_lines": [], "start_line": 63, "executed_branches": [], "missing_branches": []}, "FileScanner.__init__": {"executed_lines": [96, 97], "summary": {"covered_lines": 2, "num_statements": 2, "percent_covered": 100.0, "percent_covered_display": "100", "missing_lines": 0, "excluded_lines": 0, "percent_statements_covered": 100.0, "percent_statements_covered_display": "100", "num_branches": 0, "num_partial_branches": 0, "covered_branches": 0, "missing_branches": 0, "percent_branches_covered": 100.0, "percent_branches_covered_display": "100"}, "missing_lines": [], "excluded_lines": [], "start_line": 95, "executed_branches": [], "missing_branches": []}, "FileScanner.cancel": {"executed_lines": [101], "summary": {"covered_lines": 1, "num_statements": 1, "percent_covered": 100.0, "percent_covered_display": "100", "missing_lines": 0, "excluded_lines": 0, "percent_statements_covered": 100.0, "percent_statements_covered_display": "100", "num_branches": 0, "num_partial_branches": 0, "covered_branches": 0, "missing_branches": 0, "percent_branches_covered": 100.0, "percent_branches_covered_display": "100"}, "missing_lines": [], "excluded_lines": [], "start_line": 99, "executed_branches": [], "missing_branches": []}, "FileScanner.scan": {"executed_lines": [108, 109, 111], "summary": {"covered_lines": 3, "num_statements": 3, "percent_covered": 100.0, "percent_covered_display": "100", "missing_lines": 0, "excluded_lines": 0, "percent_statements_covered": 100.0, "percent_statements_covered_display": "100", "num_branches": 2, "num_partial_branches": 0, "covered_branches": 2, "missing_branches": 0, "percent_branches_covered": 100.0, "percent_branches_covered_display": "100"}, "missing_lines": [], "excluded_lines": [], "start_line": 103, "executed_branches": [[108, 109], [108, 111]], "missing_branches": []}, "FileScanner.__iter__": {"executed_lines": [], "summary": {"covered_lines": 0, "num_statements": 1, "percent_covered": 0.0, "percent_covered_display": "0", "missing_lines": 1, "excluded_lines": 0, "percent_statements_covered": 0.0, "percent_statements_covered_display": "0", "num_branches": 0, "num_partial_branches": 0, "covered_branches": 0, "missing_branches": 0, "percent_branches_covered": 100.0, "percent_branches_covered_display": "100"}, "missing_lines": [115], "excluded_lines": [], "start_line": 114, "executed_branches": [], "missing_branches": []}, "FileScanner._scan_rust": {"executed_lines": [127, 128, 133, 146, 147, 148], "summary": {"covered_lines": 6, "num_statements": 11, "percent_covered": 41.1764705882353, "percent_covered_display": "41", "missing_lines": 5, "excluded_lines": 0, "percent_statements_covered": 54.54545454545455, "percent_statements_covered_display": "55", "num_branches": 6, "num_partial_branches": 1, "covered_branches": 1, "missing_branches": 5, "percent_branches_covered": 16.666666666666668, "percent_branches_covered_display": "17"}, "missing_lines": [134, 135, 137, 138, 139], "excluded_lines": [], "start_line": 121, "executed_branches": [[133, -121]], "missing_branches": [[133, 134], [134, 135], [134, 137], [137, 138], [137, 139]]}, "FileScanner._scan_python": {"executed_lines": [159, 160, 161, 165, 170, 171, 172, 174, 175, 176, 178, 180, 181, 182, 185, 186, 187, 190], "summary": {"covered_lines": 18, "num_statements": 25, "percent_covered": 74.35897435897436, "percent_covered_display": "74", "missing_lines": 7, "excluded_lines": 0, "percent_statements_covered": 72.0, "percent_statements_covered_display": "72", "num_branches": 14, "num_partial_branches": 3, "covered_branches": 11, "missing_branches": 3, "percent_branches_covered": 78.57142857142857, "percent_branches_covered_display": "79"}, "missing_lines": [162, 183, 188, 198, 199, 200, 201], "excluded_lines": [], "start_line": 154, "executed_branches": [[160, -154], [160, 161], [161, 165], [170, 160], [170, 171], [171, 172], [171, 174], [175, 176], [175, 178], [182, 185], [187, 190]], "missing_branches": [[161, 162], [182, 183], [187, 188]]}, "FileScanner._is_excluded": {"executed_lines": [209, 210], "summary": {"covered_lines": 2, "num_statements": 2, "percent_covered": 100.0, "percent_covered_display": "100", "missing_lines": 0, "excluded_lines": 0, "percent_statements_covered": 100.0, "percent_statements_covered_display": "100", "num_branches": 0, "num_partial_branches": 0, "covered_branches": 0, "missing_branches": 0, "percent_branches_covered": 100.0, "percent_branches_covered_display": "100"}, "missing_lines": [], "excluded_lines": [], "start_line": 207, "executed_branches": [], "missing_branches": []}, "": {"executed_lines": [15, 17, 18, 19, 20, 22, 27, 28, 29, 30, 39, 49, 50, 52, 53, 54, 55, 56, 58, 59, 62, 63, 71, 72, 74, 75, 76, 77, 78, 85, 95, 99, 103, 114, 121, 154, 207], "summary": {"covered_lines": 37, "num_statements": 41, "percent_covered": 90.2439024390244, "percent_covered_display": "90", "missing_lines": 4, "excluded_lines": 0, "percent_statements_covered": 90.2439024390244, "percent_statements_covered_display": "90", "num_branches": 0, "num_partial_branches": 0, "covered_branches": 0, "missing_branches": 0, "percent_branches_covered": 100.0, "percent_branches_covered_display": "100"}, "missing_lines": [31, 32, 33, 34], "excluded_lines": [], "start_line": 1, "executed_branches": [], "missing_branches": []}}, "classes": {"FileInfo": {"executed_lines": [60, 64], "summary": {"covered_lines": 2, "num_statements": 2, "percent_covered": 100.0, "percent_covered_display": "100", "missing_lines": 0, "excluded_lines": 0, "percent_statements_covered": 100.0, "percent_statements_covered_display": "100", "num_branches": 0, "num_partial_branches": 0, "covered_branches": 0, "missing_branches": 0, "percent_branches_covered": 100.0, "percent_branches_covered_display": "100"}, "missing_lines": [], "excluded_lines": [], "start_line": 50, "executed_branches": [], "missing_branches": []}, "ScanConfig": {"executed_lines": [], "summary": {"covered_lines": 0, "num_statements": 0, "percent_covered": 100.0, "percent_covered_display": "100", "missing_lines": 0, "excluded_lines": 0, "percent_statements_covered": 100.0, "percent_statements_covered_display": "100", "num_branches": 0, "num_partial_branches": 0, "covered_branches": 0, "missing_branches": 0, "percent_branches_covered": 100.0, "percent_branches_covered_display": "100"}, "missing_lines": [], "excluded_lines": [], "start_line": 72, "executed_branches": [], "missing_branches": []}, "FileScanner": {"executed_lines": [96, 97, 101, 108, 109, 111, 127, 128, 133, 146, 147, 148, 159, 160, 161, 165, 170, 171, 172, 174, 175, 176, 178, 180, 181, 182, 185, 186, 187, 190, 209, 210], "summary": {"covered_lines": 32, "num_statements": 45, "percent_covered": 68.65671641791045, "percent_covered_display": "69", "missing_lines": 13, "excluded_lines": 0, "percent_statements_covered": 71.11111111111111, "percent_statements_covered_display": "71", "num_branches": 22, "num_partial_branches": 4, "covered_branches": 14, "missing_branches": 8, "percent_branches_covered": 63.63636363636363, "percent_branches_covered_display": "64"}, "missing_lines": [115, 134, 135, 137, 138, 139, 162, 183, 188, 198, 199, 200, 201], "excluded_lines": [], "start_line": 85, "executed_branches": [[108, 109], [108, 111], [133, -121], [160, -154], [160, 161], [161, 165], [170, 160], [170, 171], [171, 172], [171, 174], [175, 176], [175, 178], [182, 185], [187, 190]], "missing_branches": [[133, 134], [134, 135], [134, 137], [137, 138], [137, 139], [161, 162], [182, 183], [187, 188]]}, "": {"executed_lines": [15, 17, 18, 19, 20, 22, 27, 28, 29, 30, 39, 49, 50, 52, 53, 54, 55, 56, 58, 59, 62, 63, 71, 72, 74, 75, 76, 77, 78, 85, 95, 99, 103, 114, 121, 154, 207], "summary": {"covered_lines": 37, "num_statements": 41, "percent_covered": 90.2439024390244, "percent_covered_display": "90", "missing_lines": 4, "excluded_lines": 0, "percent_statements_covered": 90.2439024390244, "percent_statements_covered_display": "90", "num_branches": 0, "num_partial_branches": 0, "covered_branches": 0, "missing_branches": 0, "percent_branches_covered": 100.0, "percent_branches_covered_display": "100"}, "missing_lines": [31, 32, 33, 34], "excluded_lines": [], "start_line": 1, "executed_branches": [], "missing_branches": []}}}, "app\\ml\\__init__.py": {"executed_lines": [], "summary": {"covered_lines": 0, "num_statements": 0, "percent_covered": 100.0, "percent_covered_display": "100", "missing_lines": 0, "excluded_lines": 0, "percent_statements_covered": 100.0, "percent_statements_covered_display": "100", "num_branches": 0, "num_partial_branches": 0, "covered_branches": 0, "missing_branches": 0, "percent_branches_covered": 100.0, "percent_branches_covered_display": "100"}, "missing_lines": [], "excluded_lines": [], "executed_branches": [], "missing_branches": [], "functions": {"": {"executed_lines": [], "summary": {"covered_lines": 0, "num_statements": 0, "percent_covered": 100.0, "percent_covered_display": "100", "missing_lines": 0, "excluded_lines": 0, "percent_statements_covered": 100.0, "percent_statements_covered_display": "100", "num_branches": 0, "num_partial_branches": 0, "covered_branches": 0, "missing_branches": 0, "percent_branches_covered": 100.0, "percent_branches_covered_display": "100"}, "missing_lines": [], "excluded_lines": [], "start_line": 1, "executed_branches": [], "missing_branches": []}}, "classes": {"": {"executed_lines": [], "summary": {"covered_lines": 0, "num_statements": 0, "percent_covered": 100.0, "percent_covered_display": "100", "missing_lines": 0, "excluded_lines": 0, "percent_statements_covered": 100.0, "percent_statements_covered_display": "100", "num_branches": 0, "num_partial_branches": 0, "covered_branches": 0, "missing_branches": 0, "percent_branches_covered": 100.0, "percent_branches_covered_display": "100"}, "missing_lines": [], "excluded_lines": [], "start_line": 1, "executed_branches": [], "missing_branches": []}}}, "app\\ml\\embedder.py": {"executed_lines": [16, 18, 19, 20, 21, 22, 24, 26, 31, 32, 37, 38, 39, 45, 46, 47, 52, 53, 54, 64, 67, 68, 69, 71, 72, 73, 75, 76, 78, 79, 80, 81, 82, 83, 84, 87, 91, 93, 95, 96, 97, 98, 104, 105, 107, 108, 110, 111, 117, 118, 119, 120, 127, 133, 134, 135, 138, 139, 141, 142, 144, 145, 146, 147, 148, 150, 151, 152, 168, 174, 175, 176, 178, 179, 181, 182, 183, 184, 186, 187, 190, 191, 195, 196, 198, 199, 201, 202, 203, 211, 214, 215, 222, 230, 231, 232, 233], "summary": {"covered_lines": 97, "num_statements": 137, "percent_covered": 69.93464052287581, "percent_covered_display": "70", "missing_lines": 40, "excluded_lines": 0, "percent_statements_covered": 70.8029197080292, "percent_statements_covered_display": "71", "num_branches": 16, "num_partial_branches": 6, "covered_branches": 10, "missing_branches": 6, "percent_branches_covered": 62.5, "percent_branches_covered_display": "62"}, "missing_lines": [40, 41, 42, 43, 48, 49, 50, 55, 56, 57, 77, 88, 89, 94, 103, 143, 153, 154, 155, 156, 157, 158, 159, 160, 161, 188, 189, 192, 193, 200, 204, 205, 206, 207, 208, 209, 212, 234, 235, 236], "excluded_lines": [], "executed_branches": [[76, 78], [79, 80], [79, 81], [81, -75], [81, 82], [93, 95], [142, 144], [187, 190], [199, 201], [211, 214]], "missing_branches": [[76, 77], [93, 94], [142, 143], [187, 188], [199, 200], [211, 212]], "functions": {"OnnxEmbedder.__init__": {"executed_lines": [72, 73], "summary": {"covered_lines": 2, "num_statements": 2, "percent_covered": 100.0, "percent_covered_display": "100", "missing_lines": 0, "excluded_lines": 0, "percent_statements_covered": 100.0, "percent_statements_covered_display": "100", "num_branches": 0, "num_partial_branches": 0, "covered_branches": 0, "missing_branches": 0, "percent_branches_covered": 100.0, "percent_branches_covered_display": "100"}, "missing_lines": [], "excluded_lines": [], "start_line": 71, "executed_branches": [], "missing_branches": []}, "OnnxEmbedder._load_model": {"executed_lines": [76, 78, 79, 80, 81, 82, 83, 84, 87], "summary": {"covered_lines": 9, "num_statements": 12, "percent_covered": 77.77777777777777, "percent_covered_display": "78", "missing_lines": 3, "excluded_lines": 0, "percent_statements_covered": 75.0, "percent_statements_covered_display": "75", "num_branches": 6, "num_partial_branches": 1, "covered_branches": 5, "missing_branches": 1, "percent_branches_covered": 83.33333333333333, "percent_branches_covered_display": "83"}, "missing_lines": [77, 88, 89], "excluded_lines": [], "start_line": 75, "executed_branches": [[76, 78], [79, 80], [79, 81], [81, -75], [81, 82]], "missing_branches": [[76, 77]]}, "OnnxEmbedder._try_download": {"executed_lines": [93, 95, 96, 97, 98, 104, 105], "summary": {"covered_lines": 7, "num_statements": 9, "percent_covered": 72.72727272727273, "percent_covered_display": "73", "missing_lines": 2, "excluded_lines": 0, "percent_statements_covered": 77.77777777777777, "percent_statements_covered_display": "78", "num_branches": 2, "num_partial_branches": 1, "covered_branches": 1, "missing_branches": 1, "percent_branches_covered": 50.0, "percent_branches_covered_display": "50"}, "missing_lines": [94, 103], "excluded_lines": [], "start_line": 91, "executed_branches": [[93, 95]], "missing_branches": [[93, 94]]}, "OnnxEmbedder.is_available": {"executed_lines": [108], "summary": {"covered_lines": 1, "num_statements": 1, "percent_covered": 100.0, "percent_covered_display": "100", "missing_lines": 0, "excluded_lines": 0, "percent_statements_covered": 100.0, "percent_statements_covered_display": "100", "num_branches": 0, "num_partial_branches": 0, "covered_branches": 0, "missing_branches": 0, "percent_branches_covered": 100.0, "percent_branches_covered_display": "100"}, "missing_lines": [], "excluded_lines": [], "start_line": 107, "executed_branches": [], "missing_branches": []}, "OnnxEmbedder.embed": {"executed_lines": [], "summary": {"covered_lines": 0, "num_statements": 0, "percent_covered": 100.0, "percent_covered_display": "100", "missing_lines": 0, "excluded_lines": 0, "percent_statements_covered": 100.0, "percent_statements_covered_display": "100", "num_branches": 0, "num_partial_branches": 0, "covered_branches": 0, "missing_branches": 0, "percent_branches_covered": 100.0, "percent_branches_covered_display": "100"}, "missing_lines": [], "excluded_lines": [], "start_line": 111, "executed_branches": [], "missing_branches": []}, "OnnxEmbedder._l2_normalize": {"executed_lines": [119, 120], "summary": {"covered_lines": 2, "num_statements": 2, "percent_covered": 100.0, "percent_covered_display": "100", "missing_lines": 0, "excluded_lines": 0, "percent_statements_covered": 100.0, "percent_statements_covered_display": "100", "num_branches": 0, "num_partial_branches": 0, "covered_branches": 0, "missing_branches": 0, "percent_branches_covered": 100.0, "percent_branches_covered_display": "100"}, "missing_lines": [], "excluded_lines": [], "start_line": 118, "executed_branches": [], "missing_branches": []}, "ImageEmbedder.embed": {"executed_lines": [142, 144, 145, 146, 147, 148, 150, 151, 152], "summary": {"covered_lines": 9, "num_statements": 19, "percent_covered": 47.61904761904762, "percent_covered_display": "48", "missing_lines": 10, "excluded_lines": 0, "percent_statements_covered": 47.36842105263158, "percent_statements_covered_display": "47", "num_branches": 2, "num_partial_branches": 1, "covered_branches": 1, "missing_branches": 1, "percent_branches_covered": 50.0, "percent_branches_covered_display": "50"}, "missing_lines": [143, 153, 154, 155, 156, 157, 158, 159, 160, 161], "excluded_lines": [], "start_line": 141, "executed_branches": [[142, 144]], "missing_branches": [[142, 143]]}, "TextEmbedder.__init__": {"executed_lines": [182, 183, 184], "summary": {"covered_lines": 3, "num_statements": 3, "percent_covered": 100.0, "percent_covered_display": "100", "missing_lines": 0, "excluded_lines": 0, "percent_statements_covered": 100.0, "percent_statements_covered_display": "100", "num_branches": 0, "num_partial_branches": 0, "covered_branches": 0, "missing_branches": 0, "percent_branches_covered": 100.0, "percent_branches_covered_display": "100"}, "missing_lines": [], "excluded_lines": [], "start_line": 181, "executed_branches": [], "missing_branches": []}, "TextEmbedder._load_tokenizer": {"executed_lines": [187, 190, 191], "summary": {"covered_lines": 3, "num_statements": 7, "percent_covered": 44.44444444444444, "percent_covered_display": "44", "missing_lines": 4, "excluded_lines": 0, "percent_statements_covered": 42.857142857142854, "percent_statements_covered_display": "43", "num_branches": 2, "num_partial_branches": 1, "covered_branches": 1, "missing_branches": 1, "percent_branches_covered": 50.0, "percent_branches_covered_display": "50"}, "missing_lines": [188, 189, 192, 193], "excluded_lines": [], "start_line": 186, "executed_branches": [[187, 190]], "missing_branches": [[187, 188]]}, "TextEmbedder.is_available": {"executed_lines": [196], "summary": {"covered_lines": 1, "num_statements": 1, "percent_covered": 100.0, "percent_covered_display": "100", "missing_lines": 0, "excluded_lines": 0, "percent_statements_covered": 100.0, "percent_statements_covered_display": "100", "num_branches": 0, "num_partial_branches": 0, "covered_branches": 0, "missing_branches": 0, "percent_branches_covered": 100.0, "percent_branches_covered_display": "100"}, "missing_lines": [], "excluded_lines": [], "start_line": 195, "executed_branches": [], "missing_branches": []}, "TextEmbedder.embed": {"executed_lines": [199, 201, 202, 203, 211, 214, 215, 222, 230, 231, 232, 233], "summary": {"covered_lines": 12, "num_statements": 23, "percent_covered": 51.851851851851855, "percent_covered_display": "52", "missing_lines": 11, "excluded_lines": 0, "percent_statements_covered": 52.17391304347826, "percent_statements_covered_display": "52", "num_branches": 4, "num_partial_branches": 2, "covered_branches": 2, "missing_branches": 2, "percent_branches_covered": 50.0, "percent_branches_covered_display": "50"}, "missing_lines": [200, 204, 205, 206, 207, 208, 209, 212, 234, 235, 236], "excluded_lines": [], "start_line": 198, "executed_branches": [[199, 201], [211, 214]], "missing_branches": [[199, 200], [211, 212]]}, "": {"executed_lines": [16, 18, 19, 20, 21, 22, 24, 26, 31, 32, 37, 38, 39, 45, 46, 47, 52, 53, 54, 64, 67, 68, 69, 71, 75, 91, 107, 110, 111, 117, 118, 127, 133, 134, 135, 138, 139, 141, 168, 174, 175, 176, 178, 179, 181, 186, 195, 198], "summary": {"covered_lines": 48, "num_statements": 58, "percent_covered": 82.75862068965517, "percent_covered_display": "83", "missing_lines": 10, "excluded_lines": 0, "percent_statements_covered": 82.75862068965517, "percent_statements_covered_display": "83", "num_branches": 0, "num_partial_branches": 0, "covered_branches": 0, "missing_branches": 0, "percent_branches_covered": 100.0, "percent_branches_covered_display": "100"}, "missing_lines": [40, 41, 42, 43, 48, 49, 50, 55, 56, 57], "excluded_lines": [], "start_line": 1, "executed_branches": [], "missing_branches": []}}, "classes": {"OnnxEmbedder": {"executed_lines": [72, 73, 76, 78, 79, 80, 81, 82, 83, 84, 87, 93, 95, 96, 97, 98, 104, 105, 108, 119, 120], "summary": {"covered_lines": 21, "num_statements": 26, "percent_covered": 79.41176470588235, "percent_covered_display": "79", "missing_lines": 5, "excluded_lines": 0, "percent_statements_covered": 80.76923076923077, "percent_statements_covered_display": "81", "num_branches": 8, "num_partial_branches": 2, "covered_branches": 6, "missing_branches": 2, "percent_branches_covered": 75.0, "percent_branches_covered_display": "75"}, "missing_lines": [77, 88, 89, 94, 103], "excluded_lines": [], "start_line": 64, "executed_branches": [[76, 78], [79, 80], [79, 81], [81, -75], [81, 82], [93, 95]], "missing_branches": [[76, 77], [93, 94]]}, "ImageEmbedder": {"executed_lines": [142, 144, 145, 146, 147, 148, 150, 151, 152], "summary": {"covered_lines": 9, "num_statements": 19, "percent_covered": 47.61904761904762, "percent_covered_display": "48", "missing_lines": 10, "excluded_lines": 0, "percent_statements_covered": 47.36842105263158, "percent_statements_covered_display": "47", "num_branches": 2, "num_partial_branches": 1, "covered_branches": 1, "missing_branches": 1, "percent_branches_covered": 50.0, "percent_branches_covered_display": "50"}, "missing_lines": [143, 153, 154, 155, 156, 157, 158, 159, 160, 161], "excluded_lines": [], "start_line": 127, "executed_branches": [[142, 144]], "missing_branches": [[142, 143]]}, "TextEmbedder": {"executed_lines": [182, 183, 184, 187, 190, 191, 196, 199, 201, 202, 203, 211, 214, 215, 222, 230, 231, 232, 233], "summary": {"covered_lines": 19, "num_statements": 34, "percent_covered": 55.0, "percent_covered_display": "55", "missing_lines": 15, "excluded_lines": 0, "percent_statements_covered": 55.88235294117647, "percent_statements_covered_display": "56", "num_branches": 6, "num_partial_branches": 3, "covered_branches": 3, "missing_branches": 3, "percent_branches_covered": 50.0, "percent_branches_covered_display": "50"}, "missing_lines": [188, 189, 192, 193, 200, 204, 205, 206, 207, 208, 209, 212, 234, 235, 236], "excluded_lines": [], "start_line": 168, "executed_branches": [[187, 190], [199, 201], [211, 214]], "missing_branches": [[187, 188], [199, 200], [211, 212]]}, "": {"executed_lines": [16, 18, 19, 20, 21, 22, 24, 26, 31, 32, 37, 38, 39, 45, 46, 47, 52, 53, 54, 64, 67, 68, 69, 71, 75, 91, 107, 110, 111, 117, 118, 127, 133, 134, 135, 138, 139, 141, 168, 174, 175, 176, 178, 179, 181, 186, 195, 198], "summary": {"covered_lines": 48, "num_statements": 58, "percent_covered": 82.75862068965517, "percent_covered_display": "83", "missing_lines": 10, "excluded_lines": 0, "percent_statements_covered": 82.75862068965517, "percent_statements_covered_display": "83", "num_branches": 0, "num_partial_branches": 0, "covered_branches": 0, "missing_branches": 0, "percent_branches_covered": 100.0, "percent_branches_covered_display": "100"}, "missing_lines": [40, 41, 42, 43, 48, 49, 50, 55, 56, 57], "excluded_lines": [], "start_line": 1, "executed_branches": [], "missing_branches": []}}}, "app\\ml\\vector_index.py": {"executed_lines": [12, 14, 15, 17, 19, 22, 32, 33, 34, 35, 36, 37, 38, 40, 41, 42, 48, 54, 60, 67, 69, 70, 71, 72, 77, 78, 84, 95, 99, 101, 102, 103, 104, 105, 107, 108, 109, 110, 112, 113, 116, 117, 118, 119, 120, 122, 128, 136, 137, 138, 139, 140, 141, 142], "summary": {"covered_lines": 54, "num_statements": 55, "percent_covered": 94.36619718309859, "percent_covered_display": "94", "missing_lines": 1, "excluded_lines": 0, "percent_statements_covered": 98.18181818181819, "percent_statements_covered_display": "98", "num_branches": 16, "num_partial_branches": 3, "covered_branches": 13, "missing_branches": 3, "percent_branches_covered": 81.25, "percent_branches_covered_display": "81"}, "missing_lines": [96], "excluded_lines": [], "executed_branches": [[33, 34], [33, 35], [35, 36], [35, 37], [95, 99], [102, 103], [102, 105], [109, 110], [112, 113], [112, 116], [118, 119], [118, 122], [138, 139]], "missing_branches": [[95, 96], [109, -107], [138, 140]], "functions": {"VectorIndex.__init__": {"executed_lines": [33, 34, 35, 36, 37, 38], "summary": {"covered_lines": 6, "num_statements": 6, "percent_covered": 100.0, "percent_covered_display": "100", "missing_lines": 0, "excluded_lines": 0, "percent_statements_covered": 100.0, "percent_statements_covered_display": "100", "num_branches": 4, "num_partial_branches": 0, "covered_branches": 4, "missing_branches": 0, "percent_branches_covered": 100.0, "percent_branches_covered_display": "100"}, "missing_lines": [], "excluded_lines": [], "start_line": 32, "executed_branches": [[33, 34], [33, 35], [35, 36], [35, 37]], "missing_branches": []}, "VectorIndex.n": {"executed_lines": [42], "summary": {"covered_lines": 1, "num_statements": 1, "percent_covered": 100.0, "percent_covered_display": "100", "missing_lines": 0, "excluded_lines": 0, "percent_statements_covered": 100.0, "percent_statements_covered_display": "100", "num_branches": 0, "num_partial_branches": 0, "covered_branches": 0, "missing_branches": 0, "percent_branches_covered": 100.0, "percent_branches_covered_display": "100"}, "missing_lines": [], "excluded_lines": [], "start_line": 41, "executed_branches": [], "missing_branches": []}, "VectorIndex.cosine_similarity_matrix": {"executed_lines": [54], "summary": {"covered_lines": 1, "num_statements": 1, "percent_covered": 100.0, "percent_covered_display": "100", "missing_lines": 0, "excluded_lines": 0, "percent_statements_covered": 100.0, "percent_statements_covered_display": "100", "num_branches": 0, "num_partial_branches": 0, "covered_branches": 0, "missing_branches": 0, "percent_branches_covered": 100.0, "percent_branches_covered_display": "100"}, "missing_lines": [], "excluded_lines": [], "start_line": 48, "executed_branches": [], "missing_branches": []}, "VectorIndex.find_similar_pairs": {"executed_lines": [67, 69, 70, 71, 72, 77, 78], "summary": {"covered_lines": 7, "num_statements": 7, "percent_covered": 100.0, "percent_covered_display": "100", "missing_lines": 0, "excluded_lines": 0, "percent_statements_covered": 100.0, "percent_statements_covered_display": "100", "num_branches": 0, "num_partial_branches": 0, "covered_branches": 0, "missing_branches": 0, "percent_branches_covered": 100.0, "percent_branches_covered_display": "100"}, "missing_lines": [], "excluded_lines": [], "start_line": 60, "executed_branches": [], "missing_branches": []}, "VectorIndex.cluster_by_similarity": {"executed_lines": [95, 99, 101, 107, 112, 113, 116, 117, 118, 119, 120, 122], "summary": {"covered_lines": 12, "num_statements": 13, "percent_covered": 89.47368421052632, "percent_covered_display": "89", "missing_lines": 1, "excluded_lines": 0, "percent_statements_covered": 92.3076923076923, "percent_statements_covered_display": "92", "num_branches": 6, "num_partial_branches": 1, "covered_branches": 5, "missing_branches": 1, "percent_branches_covered": 83.33333333333333, "percent_branches_covered_display": "83"}, "missing_lines": [96], "excluded_lines": [], "start_line": 84, "executed_branches": [[95, 99], [112, 113], [112, 116], [118, 119], [118, 122]], "missing_branches": [[95, 96]]}, "VectorIndex.cluster_by_similarity.find": {"executed_lines": [102, 103, 104, 105], "summary": {"covered_lines": 4, "num_statements": 4, "percent_covered": 100.0, "percent_covered_display": "100", "missing_lines": 0, "excluded_lines": 0, "percent_statements_covered": 100.0, "percent_statements_covered_display": "100", "num_branches": 2, "num_partial_branches": 0, "covered_branches": 2, "missing_branches": 0, "percent_branches_covered": 100.0, "percent_branches_covered_display": "100"}, "missing_lines": [], "excluded_lines": [], "start_line": 101, "executed_branches": [[102, 103], [102, 105]], "missing_branches": []}, "VectorIndex.cluster_by_similarity.union": {"executed_lines": [108, 109, 110], "summary": {"covered_lines": 3, "num_statements": 3, "percent_covered": 80.0, "percent_covered_display": "80", "missing_lines": 0, "excluded_lines": 0, "percent_statements_covered": 100.0, "percent_statements_covered_display": "100", "num_branches": 2, "num_partial_branches": 1, "covered_branches": 1, "missing_branches": 1, "percent_branches_covered": 50.0, "percent_branches_covered_display": "50"}, "missing_lines": [], "excluded_lines": [], "start_line": 107, "executed_branches": [[109, 110]], "missing_branches": [[109, -107]]}, "VectorIndex.query": {"executed_lines": [136, 137, 138, 139, 140, 141, 142], "summary": {"covered_lines": 7, "num_statements": 7, "percent_covered": 88.88888888888889, "percent_covered_display": "89", "missing_lines": 0, "excluded_lines": 0, "percent_statements_covered": 100.0, "percent_statements_covered_display": "100", "num_branches": 2, "num_partial_branches": 1, "covered_branches": 1, "missing_branches": 1, "percent_branches_covered": 50.0, "percent_branches_covered_display": "50"}, "missing_lines": [], "excluded_lines": [], "start_line": 128, "executed_branches": [[138, 139]], "missing_branches": [[138, 140]]}, "": {"executed_lines": [12, 14, 15, 17, 19, 22, 32, 40, 41, 48, 60, 84, 128], "summary": {"covered_lines": 13, "num_statements": 13, "percent_covered": 100.0, "percent_covered_display": "100", "missing_lines": 0, "excluded_lines": 0, "percent_statements_covered": 100.0, "percent_statements_covered_display": "100", "num_branches": 0, "num_partial_branches": 0, "covered_branches": 0, "missing_branches": 0, "percent_branches_covered": 100.0, "percent_branches_covered_display": "100"}, "missing_lines": [], "excluded_lines": [], "start_line": 1, "executed_branches": [], "missing_branches": []}}, "classes": {"VectorIndex": {"executed_lines": [33, 34, 35, 36, 37, 38, 42, 54, 67, 69, 70, 71, 72, 77, 78, 95, 99, 101, 102, 103, 104, 105, 107, 108, 109, 110, 112, 113, 116, 117, 118, 119, 120, 122, 136, 137, 138, 139, 140, 141, 142], "summary": {"covered_lines": 41, "num_statements": 42, "percent_covered": 93.10344827586206, "percent_covered_display": "93", "missing_lines": 1, "excluded_lines": 0, "percent_statements_covered": 97.61904761904762, "percent_statements_covered_display": "98", "num_branches": 16, "num_partial_branches": 3, "covered_branches": 13, "missing_branches": 3, "percent_branches_covered": 81.25, "percent_branches_covered_display": "81"}, "missing_lines": [96], "excluded_lines": [], "start_line": 22, "executed_branches": [[33, 34], [33, 35], [35, 36], [35, 37], [95, 99], [102, 103], [102, 105], [109, 110], [112, 113], [112, 116], [118, 119], [118, 122], [138, 139]], "missing_branches": [[95, 96], [109, -107], [138, 140]]}, "": {"executed_lines": [12, 14, 15, 17, 19, 22, 32, 40, 41, 48, 60, 84, 128], "summary": {"covered_lines": 13, "num_statements": 13, "percent_covered": 100.0, "percent_covered_display": "100", "missing_lines": 0, "excluded_lines": 0, "percent_statements_covered": 100.0, "percent_statements_covered_display": "100", "num_branches": 0, "num_partial_branches": 0, "covered_branches": 0, "missing_branches": 0, "percent_branches_covered": 100.0, "percent_branches_covered_display": "100"}, "missing_lines": [], "excluded_lines": [], "start_line": 1, "executed_branches": [], "missing_branches": []}}}, "app\\models\\__init__.py": {"executed_lines": [], "summary": {"covered_lines": 0, "num_statements": 0, "percent_covered": 100.0, "percent_covered_display": "100", "missing_lines": 0, "excluded_lines": 0, "percent_statements_covered": 100.0, "percent_statements_covered_display": "100", "num_branches": 0, "num_partial_branches": 0, "covered_branches": 0, "missing_branches": 0, "percent_branches_covered": 100.0, "percent_branches_covered_display": "100"}, "missing_lines": [], "excluded_lines": [], "executed_branches": [], "missing_branches": [], "functions": {"": {"executed_lines": [], "summary": {"covered_lines": 0, "num_statements": 0, "percent_covered": 100.0, "percent_covered_display": "100", "missing_lines": 0, "excluded_lines": 0, "percent_statements_covered": 100.0, "percent_statements_covered_display": "100", "num_branches": 0, "num_partial_branches": 0, "covered_branches": 0, "missing_branches": 0, "percent_branches_covered": 100.0, "percent_branches_covered_display": "100"}, "missing_lines": [], "excluded_lines": [], "start_line": 1, "executed_branches": [], "missing_branches": []}}, "classes": {"": {"executed_lines": [], "summary": {"covered_lines": 0, "num_statements": 0, "percent_covered": 100.0, "percent_covered_display": "100", "missing_lines": 0, "excluded_lines": 0, "percent_statements_covered": 100.0, "percent_statements_covered_display": "100", "num_branches": 0, "num_partial_branches": 0, "covered_branches": 0, "missing_branches": 0, "percent_branches_covered": 100.0, "percent_branches_covered_display": "100"}, "missing_lines": [], "excluded_lines": [], "start_line": 1, "executed_branches": [], "missing_branches": []}}}, "app\\models\\database.py": {"executed_lines": [21, 23, 24, 25, 26, 27, 29, 34, 38, 43, 51, 52, 59, 64, 66, 67, 68, 69, 70, 72, 73, 74, 75, 77, 78, 79, 80, 82, 83, 84, 87, 90, 94, 95, 97, 101, 107, 109, 110, 112, 113, 114, 115, 116, 118, 119, 120, 122, 125, 126, 130, 134, 138, 143, 145, 146, 148, 149, 150, 152, 153, 156, 157, 158, 161, 163, 167, 168, 169, 171, 172, 175, 179, 184, 186, 187, 189, 190, 191, 193, 194, 195, 198, 200, 208, 214, 237], "summary": {"covered_lines": 87, "num_statements": 114, "percent_covered": 76.3157894736842, "percent_covered_display": "76", "missing_lines": 27, "excluded_lines": 0, "percent_statements_covered": 76.3157894736842, "percent_statements_covered_display": "76", "num_branches": 0, "num_partial_branches": 0, "covered_branches": 0, "missing_branches": 0, "percent_branches_covered": 100.0, "percent_branches_covered_display": "100"}, "missing_lines": [98, 135, 173, 176, 201, 209, 210, 211, 218, 219, 226, 227, 228, 229, 230, 231, 232, 234, 242, 243, 246, 247, 248, 249, 250, 252, 253], "excluded_lines": [], "executed_branches": [], "missing_branches": [], "functions": {"ScanSession.started_at_human": {"executed_lines": [95], "summary": {"covered_lines": 1, "num_statements": 1, "percent_covered": 100.0, "percent_covered_display": "100", "missing_lines": 0, "excluded_lines": 0, "percent_statements_covered": 100.0, "percent_statements_covered_display": "100", "num_branches": 0, "num_partial_branches": 0, "covered_branches": 0, "missing_branches": 0, "percent_branches_covered": 100.0, "percent_branches_covered_display": "100"}, "missing_lines": [], "excluded_lines": [], "start_line": 94, "executed_branches": [], "missing_branches": []}, "ScanSession.__repr__": {"executed_lines": [], "summary": {"covered_lines": 0, "num_statements": 1, "percent_covered": 0.0, "percent_covered_display": "0", "missing_lines": 1, "excluded_lines": 0, "percent_statements_covered": 0.0, "percent_statements_covered_display": "0", "num_branches": 0, "num_partial_branches": 0, "covered_branches": 0, "missing_branches": 0, "percent_branches_covered": 100.0, "percent_branches_covered_display": "100"}, "missing_lines": [98], "excluded_lines": [], "start_line": 97, "executed_branches": [], "missing_branches": []}, "FileMetadata.__repr__": {"executed_lines": [], "summary": {"covered_lines": 0, "num_statements": 1, "percent_covered": 0.0, "percent_covered_display": "0", "missing_lines": 1, "excluded_lines": 0, "percent_statements_covered": 0.0, "percent_statements_covered_display": "0", "num_branches": 0, "num_partial_branches": 0, "covered_branches": 0, "missing_branches": 0, "percent_branches_covered": 100.0, "percent_branches_covered_display": "100"}, "missing_lines": [1
[...]
38, 48, 56, 86, 113, 182, 259, 317, 346, 357, 375, 380, 423, 424, 441, 442, 524, 525, 528, 529, 536, 583, 634, 651, 721, 741, 747, 752, 814, 835, 856, 859, 879, 885, 898, 911, 929, 949, 1045, 1050, 1064, 1072, 1083, 1084, 1090, 1094, 1105, 1124, 1145], "summary": {"covered_lines": 63, "num_statements": 63, "percent_covered": 100.0, "percent_covered_display": "100", "missing_lines": 0, "excluded_lines": 0, "percent_statements_covered": 100.0, "percent_statements_covered_display": "100", "num_branches": 0, "num_partial_branches": 0, "covered_branches": 0, "missing_branches": 0, "percent_branches_covered": 100.0, "percent_branches_covered_display": "100"}, "missing_lines": [], "excluded_lines": [], "start_line": 1, "executed_branches": [], "missing_branches": []}}, "classes": {"MainWindow": {"executed_lines": [347, 348, 349, 350, 351, 381, 382, 383, 384, 386, 387, 388, 389, 390, 391, 393, 395, 396, 397, 398, 399, 400, 401, 402, 403, 405, 406, 407, 409, 411, 412, 414, 426, 427, 428, 429, 430, 432, 435, 436, 437, 439, 443, 444, 446, 447, 448, 449, 450, 451, 452, 459, 460, 467, 474, 475, 476, 479, 480, 481, 482, 483, 484, 485, 486, 487, 490, 491, 492, 493, 494, 495, 496, 505, 506, 508, 513, 514, 515, 517, 526, 530, 531, 532, 533, 534, 537, 538, 539, 540, 541, 543, 544, 545, 547, 549, 550, 551, 552, 554, 555, 556, 557, 558, 559, 560, 562, 563, 564, 565, 566, 567, 569, 570, 581, 635, 636, 637, 638, 639, 643, 644, 645, 652, 653, 654, 655, 657, 658, 659, 663, 664, 666, 667, 668, 670, 671, 672, 673, 674, 675, 680, 681, 682, 683, 684, 687, 688, 689, 691, 692, 696, 697, 698, 699, 700, 704, 706, 711, 712, 713, 714, 715, 722, 723, 725, 726, 727, 728, 729, 730, 731, 733, 734, 735, 736, 737, 738, 739, 742, 745, 749, 753, 754, 756, 757, 758, 772, 773, 774, 775, 776, 778, 779, 780, 781, 782, 783, 785, 795, 796, 797, 799, 800, 801, 802, 803, 805, 806, 807, 808, 809, 810, 812, 815, 816, 817, 818, 819, 820, 836, 837, 838, 839, 840, 841, 857, 860, 861, 862, 863, 864, 865, 866, 867, 868, 869, 870, 871, 872, 875, 880, 881, 882, 883, 886, 887, 888, 889, 890, 891, 892, 893, 894, 895, 896, 899, 900, 901, 902, 903, 904, 905, 906, 907, 908, 909, 912, 913, 914, 915, 916, 917, 918, 919, 920, 921, 922, 926, 927, 950, 951, 952, 954, 956, 957, 967, 976, 977, 978, 980, 981, 982, 983, 984, 991, 1014, 1016, 1017, 1018, 1019, 1020, 1022, 1023, 1024, 1025, 1026, 1027, 1028, 1029, 1030, 1034, 1039, 1040, 1041, 1042, 1043, 1046, 1047, 1048, 1091, 1092, 1095, 1096, 1097, 1098, 1099, 1106, 1107, 1108, 1110, 1111, 1112, 1113, 1114, 1115, 1117, 1118, 1119, 1121, 1122, 1125, 1126, 1127, 1129, 1130, 1131, 1133, 1134, 1137, 1138, 1141, 1142], "summary": {"covered_lines": 353, "num_statements": 753, "percent_covered": 48.75675675675676, "percent_covered_display": "49", "missing_lines": 400, "excluded_lines": 0, "percent_statements_covered": 46.87915006640106, "percent_statements_covered_display": "47", "num_branches": 172, "num_partial_branches": 18, "covered_branches": 98, "missing_branches": 74, "percent_branches_covered": 56.97674418604651, "percent_branches_covered_display": "57"}, "missing_lines": [57, 58, 59, 62, 63, 64, 65, 66, 67, 70, 71, 72, 73, 75, 76, 77, 78, 79, 80, 87, 88, 90, 91, 92, 93, 94, 95, 96, 99, 100, 101, 103, 104, 105, 106, 109, 110, 114, 115, 116, 117, 120, 121, 122, 123, 124, 125, 126, 129, 130, 131, 132, 135, 136, 137, 138, 141, 142, 145, 146, 147, 150, 151, 152, 155, 156, 157, 158, 159, 160, 162, 163, 164, 166, 167, 168, 169, 170, 171, 172, 173, 174, 175, 176, 177, 179, 183, 184, 185, 186, 189, 190, 191, 194, 195, 198, 199, 200, 201, 202, 205, 206, 207, 208, 210, 211, 212, 213, 215, 216, 217, 219, 220, 221, 222, 223, 224, 227, 228, 229, 230, 231, 232, 233, 234, 235, 238, 239, 240, 241, 242, 243, 244, 245, 246, 247, 249, 250, 251, 252, 253, 254, 256, 260, 261, 262, 263, 265, 268, 269, 270, 271, 272, 273, 274, 275, 276, 279, 280, 281, 282, 283, 284, 285, 286, 287, 288, 291, 292, 293, 294, 295, 296, 297, 298, 302, 303, 305, 306, 307, 308, 310, 311, 318, 320, 321, 322, 323, 324, 325, 326, 327, 328, 330, 331, 332, 333, 334, 336, 337, 338, 339, 340, 342, 343, 344, 358, 359, 360, 361, 363, 364, 365, 366, 367, 369, 376, 377, 378, 497, 498, 499, 571, 572, 573, 579, 584, 585, 586, 588, 589, 590, 592, 593, 594, 596, 597, 599, 600, 601, 603, 605, 606, 607, 608, 609, 611, 612, 613, 614, 615, 616, 617, 618, 620, 621, 622, 623, 625, 626, 627, 629, 630, 632, 676, 677, 678, 693, 694, 701, 702, 707, 708, 759, 760, 761, 762, 763, 764, 765, 766, 767, 768, 769, 770, 822, 823, 825, 826, 827, 828, 829, 830, 831, 832, 833, 843, 844, 846, 847, 848, 849, 850, 851, 852, 853, 854, 876, 877, 930, 931, 932, 933, 934, 935, 936, 937, 938, 939, 940, 941, 942, 943, 944, 945, 946, 947, 985, 992, 993, 994, 995, 996, 997, 998, 999, 1001, 1002, 1003, 1004, 1010, 1011, 1012, 1031, 1032, 1035, 1036, 1037, 1051, 1052, 1053, 1054, 1055, 1056, 1057, 1058, 1059, 1060, 1061, 1062, 1065, 1066, 1067, 1068, 1069, 1070, 1073, 1074, 1075, 1076, 1077, 1078, 1079, 1080, 1081, 1085, 1086, 1087, 1088, 1135, 1139, 1143, 1146, 1147, 1148, 1150, 1151, 1152, 1153, 1154, 1155, 1156, 1157, 1158, 1159, 1160, 1161, 1162, 1163, 1164], "excluded_lines": [], "start_line": 48, "executed_branches": [[349, 350], [349, 351], [382, 383], [382, 386], [389, 390], [389, 393], [402, 403], [435, 436], [435, 439], [459, 460], [459, 467], [479, 480], [479, 508], [486, 487], [496, 508], [538, 539], [538, 543], [544, 545], [544, 547], [549, 550], [549, 554], [554, 555], [554, 562], [570, 581], [636, 637], [636, 645], [643, 636], [643, 644], [653, 654], [653, 657], [663, 664], [663, 666], [681, 682], [681, 704], [683, 684], [683, 687], [692, 696], [706, 711], [722, 723], [722, 725], [753, 754], [753, 756], [758, 772], [795, 796], [795, 799], [818, 819], [839, 840], [862, 863], [862, 864], [869, 870], [869, 875], [871, 872], [881, -879], [881, 882], [906, -898], [906, 907], [912, 913], [912, 914], [951, 952], [951, 954], [981, 982], [983, 984], [983, 991], [984, 983], [991, 1014], [1016, 1017], [1016, 1034], [1023, 1024], [1023, 1029], [1024, 1025], [1025, 1026], [1025, 1027], [1027, 1023], [1027, 1028], [1034, 1039], [1047, -1045], [1047, 1048], [1091, -1090], [1091, 1092], [1096, -1094], [1096, 1097], [1098, -1094], [1098, 1099], [1107, 1108], [1107, 1110], [1110, 1111], [1110, 1112], [1112, 1113], [1112, 1114], [1114, 1115], [1114, 1117], [1126, 1127], [1126, 1129], [1130, 1131], [1130, 1133], [1134, 1137], [1138, 1141], [1142, -1124]], "missing_branches": [[337, 338], [337, 339], [377, -375], [377, 378], [402, 405], [486, 490], [496, 497], [498, 496], [498, 499], [570, 571], [572, 573], [572, 579], [585, 586], [585, 588], [589, 590], [589, 592], [593, 594], [593, 596], [596, 597], [596, 599], [608, 609], [608, 611], [622, 623], [622, 625], [692, 693], [706, 707], [758, 759], [766, 767], [766, 772], [818, 822], [839, 843], [871, 869], [938, 939], [938, 941], [942, -929], [942, 943], [944, -929], [944, 945], [981, 991], [984, 985], [991, 992], [998, 999], [998, 1001], [1001, 1002], [1001, 1014], [1003, 1001], [1003, 1004], [1024, 1023], [1034, 1035], [1036, 1037], [1036, 1039], [1052, 1053], [1052, 1060], [1056, 1052], [1056, 1057], [1067, 1068], [1067, 1070], [1068, 1069], [1068, 1070], [1075, 1076], [1075, 1081], [1077, 1075], [1077, 1078], [1079, 1077], [1079, 1080], [1134, 1135], [1138, 1139], [1142, 1143], [1150, 1151], [1150, 1152], [1152, 1153], [1152, 1154], [1154, 1155], [1154, 1156]]}, "": {"executed_lines": [12, 14, 15, 16, 17, 19, 20, 21, 29, 30, 31, 32, 33, 35, 38, 48, 56, 86, 113, 182, 259, 317, 346, 357, 375, 380, 423, 424, 441, 442, 524, 525, 528, 529, 536, 583, 634, 651, 721, 741, 747, 752, 814, 835, 856, 859, 879, 885, 898, 911, 929, 949, 1045, 1050, 1064, 1072, 1083, 1084, 1090, 1094, 1105, 1124, 1145], "summary": {"covered_lines": 63, "num_statements": 63, "percent_covered": 100.0, "percent_covered_display": "100", "missing_lines": 0, "excluded_lines": 0, "percent_statements_covered": 100.0, "percent_statements_covered_display": "100", "num_branches": 0, "num_partial_branches": 0, "covered_branches": 0, "missing_branches": 0, "percent_branches_covered": 100.0, "percent_branches_covered_display": "100"}, "missing_lines": [], "excluded_lines": [], "start_line": 1, "executed_branches": [], "missing_branches": []}}}, "app\\views\\theme_manager.py": {"executed_lines": [10, 12, 14, 16, 18, 79, 85, 86, 87, 89, 90, 91, 92, 93, 161, 163, 165, 166, 167, 168, 169], "summary": {"covered_lines": 21, "num_statements": 21, "percent_covered": 100.0, "percent_covered_display": "100", "missing_lines": 0, "excluded_lines": 0, "percent_statements_covered": 100.0, "percent_statements_covered_display": "100", "num_branches": 0, "num_partial_branches": 0, "covered_branches": 0, "missing_branches": 0, "percent_branches_covered": 100.0, "percent_branches_covered_display": "100"}, "missing_lines": [], "excluded_lines": [], "executed_branches": [], "missing_branches": [], "functions": {"ThemeManager.__init__": {"executed_lines": [86, 87], "summary": {"covered_lines": 2, "num_statements": 2, "percent_covered": 100.0, "percent_covered_display": "100", "missing_lines": 0, "excluded_lines": 0, "percent_statements_covered": 100.0, "percent_statements_covered_display": "100", "num_branches": 0, "num_partial_branches": 0, "covered_branches": 0, "missing_branches": 0, "percent_branches_covered": 100.0, "percent_branches_covered_display": "100"}, "missing_lines": [], "excluded_lines": [], "start_line": 85, "executed_branches": [], "missing_branches": []}, "ThemeManager.apply": {"executed_lines": [90, 91, 92, 93, 161], "summary": {"covered_lines": 5, "num_statements": 5, "percent_covered": 100.0, "percent_covered_display": "100", "missing_lines": 0, "excluded_lines": 0, "percent_statements_covered": 100.0, "percent_statements_covered_display": "100", "num_branches": 0, "num_partial_branches": 0, "covered_branches": 0, "missing_branches": 0, "percent_branches_covered": 100.0, "percent_branches_covered_display": "100"}, "missing_lines": [], "excluded_lines": [], "start_line": 89, "executed_branches": [], "missing_branches": []}, "ThemeManager.cycle": {"executed_lines": [165, 166, 167, 168, 169], "summary": {"covered_lines": 5, "num_statements": 5, "percent_covered": 100.0, "percent_covered_display": "100", "missing_lines": 0, "excluded_lines": 0, "percent_statements_covered": 100.0, "percent_statements_covered_display": "100", "num_branches": 0, "num_partial_branches": 0, "covered_branches": 0, "missing_branches": 0, "percent_branches_covered": 100.0, "percent_branches_covered_display": "100"}, "missing_lines": [], "excluded_lines": [], "start_line": 163, "executed_branches": [], "missing_branches": []}, "": {"executed_lines": [10, 12, 14, 16, 18, 79, 85, 89, 163], "summary": {"covered_lines": 9, "num_statements": 9, "percent_covered": 100.0, "percent_covered_display": "100", "missing_lines": 0, "excluded_lines": 0, "percent_statements_covered": 100.0, "percent_statements_covered_display": "100", "num_branches": 0, "num_partial_branches": 0, "covered_branches": 0, "missing_branches": 0, "percent_branches_covered": 100.0, "percent_branches_covered_display": "100"}, "missing_lines": [], "excluded_lines": [], "start_line": 1, "executed_branches": [], "missing_branches": []}}, "classes": {"ThemeManager": {"executed_lines": [86, 87, 90, 91, 92, 93, 161, 165, 166, 167, 168, 169], "summary": {"covered_lines": 12, "num_statements": 12, "percent_covered": 100.0, "percent_covered_display": "100", "missing_lines": 0, "excluded_lines": 0, "percent_statements_covered": 100.0, "percent_statements_covered_display": "100", "num_branches": 0, "num_partial_branches": 0, "covered_branches": 0, "missing_branches": 0, "percent_branches_covered": 100.0, "percent_branches_covered_display": "100"}, "missing_lines": [], "excluded_lines": [], "start_line": 79, "executed_branches": [], "missing_branches": []}, "": {"executed_lines": [10, 12, 14, 16, 18, 79, 85, 89, 163], "summary": {"covered_lines": 9, "num_statements": 9, "percent_covered": 100.0, "percent_covered_display": "100", "missing_lines": 0, "excluded_lines": 0, "percent_statements_covered": 100.0, "percent_statements_covered_display": "100", "num_branches": 0, "num_partial_branches": 0, "covered_branches": 0, "missing_branches": 0, "percent_branches_covered": 100.0, "percent_branches_covered_display": "100"}, "missing_lines": [], "excluded_lines": [], "start_line": 1, "executed_branches": [], "missing_branches": []}}}, "cli.py": {"executed_lines": [15, 17, 18, 19, 20, 22, 23, 24, 25, 27, 28, 31, 32, 40, 41, 42, 44, 45, 46, 47, 48, 49, 51, 52, 53, 175, 176, 178, 179, 180, 181, 182, 183, 184, 189, 190, 191, 192, 193, 194, 196, 197, 200, 201, 208, 209, 210, 211, 213, 214, 215, 216, 217, 219, 220, 221, 222, 223, 224, 225, 257, 264], "summary": {"covered_lines": 62, "num_statements": 127, "percent_covered": 46.308724832214764, "percent_covered_display": "46", "missing_lines": 65, "excluded_lines": 0, "percent_statements_covered": 48.818897637795274, "percent_statements_covered_display": "49", "num_branches": 22, "num_partial_branches": 5, "covered_branches": 7, "missing_branches": 15, "percent_branches_covered": 31.818181818181817, "percent_branches_covered_display": "32"}, "missing_lines": [55, 56, 59, 60, 63, 69, 75, 76, 77, 78, 79, 80, 82, 89, 91, 92, 98, 105, 108, 109, 110, 111, 112, 113, 114, 115, 116, 117, 120, 121, 122, 123, 124, 125, 126, 128, 129, 136, 143, 144, 145, 148, 149, 167, 168, 185, 186, 187, 195, 199, 227, 237, 238, 239, 241, 242, 243, 248, 249, 250, 252, 253, 258, 259, 265], "excluded_lines": [], "executed_branches": [[51, 52], [192, 193], [192, 201], [194, 196], [196, 197], [223, 224], [264, -1]], "missing_branches": [[51, 55], [59, 60], [59, 63], [128, 129], [128, 136], [148, -40], [148, 149], [194, 195], [196, 199], [223, 227], [241, 242], [241, 248], [248, 249], [248, 252], [264, 265]], "functions": {"cli": {"executed_lines": [], "summary": {"covered_lines": 0, "num_statements": 0, "percent_covered": 100.0, "percent_covered_display": "100", "missing_lines": 0, "excluded_lines": 0, "percent_statements_covered": 100.0, "percent_statements_covered_display": "100", "num_branches": 0, "num_partial_branches": 0, "covered_branches": 0, "missing_branches": 0, "percent_branches_covered": 100.0, "percent_branches_covered_display": "100"}, "missing_lines": [], "excluded_lines": [], "start_line": 32, "executed_branches": [], "missing_branches": []}, "scan": {"executed_lines": [51, 52, 53], "summary": {"covered_lines": 3, "num_statements": 47, "percent_covered": 7.2727272727272725, "percent_covered_display": "7", "missing_lines": 44, "excluded_lines": 0, "percent_statements_covered": 6.382978723404255, "percent_statements_covered_display": "6", "num_branches": 8, "num_partial_branches": 1, "covered_branches": 1, "missing_branches": 7, "percent_branches_covered": 12.5, "percent_branches_covered_display": "12"}, "missing_lines": [55, 56, 59, 60, 63, 69, 75, 76, 77, 78, 79, 80, 82, 89, 91, 98, 105, 108, 109, 110, 111, 112, 113, 114, 115, 116, 117, 120, 121, 122, 123, 124, 125, 126, 128, 129, 136, 143, 144, 145, 148, 149, 167, 168], "excluded_lines": [], "start_line": 49, "executed_branches": [[51, 52]], "missing_branches": [[51, 55], [59, 60], [59, 63], [128, 129], [128, 136], [148, -40], [148, 149]]}, "scan._on_progress": {"executed_lines": [], "summary": {"covered_lines": 0, "num_statements": 1, "percent_covered": 0.0, "percent_covered_display": "0", "missing_lines": 1, "excluded_lines": 0, "percent_statements_covered": 0.0, "percent_statements_covered_display": "0", "num_branches": 0, "num_partial_branches": 0, "covered_branches": 0, "missing_branches": 0, "percent_branches_covered": 100.0, "percent_branches_covered_display": "100"}, "missing_lines": [92], "excluded_lines": [], "start_line": 91, "executed_branches": [], "missing_branches": []}, "stats": {"executed_lines": [178, 179, 180, 181, 182, 183, 184, 189, 190, 191, 192, 193, 194, 196, 197, 200, 201], "summary": {"covered_lines": 17, "num_statements": 22, "percent_covered": 75.0, "percent_covered_display": "75", "missing_lines": 5, "excluded_lines": 0, "percent_statements_covered": 77.27272727272727, "percent_statements_covered_display": "77", "num_branches": 6, "num_partial_branches": 2, "covered_branches": 4, "missing_branches": 2, "percent_branches_covered": 66.66666666666667, "percent_branches_covered_display": "67"}, "missing_lines": [185, 186, 187, 195, 199], "excluded_lines": [], "start_line": 176, "executed_branches": [[192, 193], [192, 201], [194, 196], [196, 197]], "missing_branches": [[194, 195], [196, 199]]}, "agent": {"executed_lines": [213, 214, 215, 216, 217, 219, 220, 221, 222, 223, 224, 225, 257], "summary": {"covered_lines": 13, "num_statements": 27, "percent_covered": 42.42424242424242, "percent_covered_display": "42", "missing_lines": 14, "excluded_lines": 0, "percent_statements_covered": 48.148148148148145, "percent_statements_covered_display": "48", "num_branches": 6, "num_partial_branches": 1, "covered_branches": 1, "missing_branches": 5, "percent_branches_covered": 16.666666666666668, "percent_branches_covered_display": "17"}, "missing_lines": [227, 237, 238, 239, 241, 242, 243, 248, 249, 250, 252, 253, 258, 259], "excluded_lines": [], "start_line": 211, "executed_branches": [[223, 224]], "missing_branches": [[223, 227], [241, 242], [241, 248], [248, 249], [248, 252]]}, "": {"executed_lines": [15, 17, 18, 19, 20, 22, 23, 24, 25, 27, 28, 31, 32, 40, 41, 42, 44, 45, 46, 47, 48, 49, 175, 176, 208, 209, 210, 211, 264], "summary": {"covered_lines": 29, "num_statements": 30, "percent_covered": 93.75, "percent_covered_display": "94", "missing_lines": 1, "excluded_lines": 0, "percent_statements_covered": 96.66666666666667, "percent_statements_covered_display": "97", "num_branches": 2, "num_partial_branches": 1, "covered_branches": 1, "missing_branches": 1, "percent_branches_covered": 50.0, "percent_branches_covered_display": "50"}, "missing_lines": [265], "excluded_lines": [], "start_line": 1, "executed_branches": [[264, -1]], "missing_branches": [[264, 265]]}}, "classes": {"": {"executed_lines": [15, 17, 18, 19, 20, 22, 23, 24, 25, 27, 28, 31, 32, 40, 41, 42, 44, 45, 46, 47, 48, 49, 51, 52, 53, 175, 176, 178, 179, 180, 181, 182, 183, 184, 189, 190, 191, 192, 193, 194, 196, 197, 200, 201, 208, 209, 210, 211, 213, 214, 215, 216, 217, 219, 220, 221, 222, 223, 224, 225, 257, 264], "summary": {"covered_lines": 62, "num_statements": 127, "percent_covered": 46.308724832214764, "percent_covered_display": "46", "missing_lines": 65, "excluded_lines": 0, "percent_statements_covered": 48.818897637795274, "percent_statements_covered_display": "49", "num_branches": 22, "num_partial_branches": 5, "covered_branches": 7, "missing_branches": 15, "percent_branches_covered": 31.818181818181817, "percent_branches_covered_display": "32"}, "missing_lines": [55, 56, 59, 60, 63, 69, 75, 76, 77, 78, 79, 80, 82, 89, 91, 92, 98, 105, 108, 109, 110, 111, 112, 113, 114, 115, 116, 117, 120, 121, 122, 123, 124, 125, 126, 128, 129, 136, 143, 144, 145, 148, 149, 167, 168, 185, 186, 187, 195, 199, 227, 237, 238, 239, 241, 242, 243, 248, 249, 250, 252, 253, 258, 259, 265], "excluded_lines": [], "start_line": 1, "executed_branches": [[51, 52], [192, 193], [192, 201], [194, 196], [196, 197], [223, 224], [264, -1]], "missing_branches": [[51, 55], [59, 60], [59, 63], [128, 129], [128, 136], [148, -40], [148, 149], [194, 195], [196, 199], [223, 227], [241, 242], [241, 248], [248, 249], [248, 252], [264, 265]]}}}}, "totals": {"covered_lines": 1482, "num_statements": 2281, "percent_covered": 63.77753701697364, "percent_covered_display": "64", "missing_lines": 799, "excluded_lines": 0, "percent_statements_covered": 64.97150372643577, "percent_statements_covered_display": "65", "num_branches": 488, "num_partial_branches": 80, "covered_branches": 284, "missing_branches": 204, "percent_branches_covered": 58.19672131147541, "percent_branches_covered_display": "58"}}